Log file open, 06/20/16 22:29:16
LogInit:Display: Running engine for game: MyProject
LogPlatformFile: Not using cached read wrapper
LogInit:Display: RandInit(1894280242) SRandInit(1894280245).
LogTaskGraph: Started task graph with 4 named threads and 5 total threads.
LogStats: Stats thread started at 0.074973
LogInit: Version: 4.11.2-2946394+++UE4+Release-4.11
LogInit: API Version: 2927265
LogInit: Compiled (64-bit): Apr 18 2016 02:18:46
LogInit: Compiled with Visual C++: 19.00.23026.00
LogInit: Build Configuration: Development
LogInit: Branch Name: ++UE4+Release-4.11
LogInit: Command line: 
LogInit: Base directory: C:/Program Files (x86)/Epic Games/4.11/Engine/Binaries/Win64/
LogInit: Installed Engine Build: 1
LogInit: Using libcurl 7.41.0
LogInit:  - built for x86_64-pc-win32
LogInit:  - supports SSL with WinSSL
LogInit:  - other features:
LogInit:      CURL_VERSION_SSL
LogInit:      CURL_VERSION_IPV6
LogInit:      CURL_VERSION_ASYNCHDNS
LogInit:      CURL_VERSION_LARGEFILE
LogInit:      CURL_VERSION_IDN
LogInit:  CurlRequestOptions (configurable via config and command line):
LogInit:  - bVerifyPeer = true  - Libcurl will verify peer certificate
LogInit:  - bUseHttpProxy = false  - Libcurl will NOT use HTTP proxy
LogInit:  - bDontReuseConnections = false  - Libcurl will reuse connections
LogInit:  - CertBundlePath = nullptr  - Libcurl will use whatever was configured at build time.
LogInit: Presizing for max 16777216 objects, including 0 objects not considered by GC, pre-allocating 0 bytes for permanent pool.
LogInit: Object subsystem initialized
[2016.06.21-02.29.16:635][  0]LogInit: Selected Device Profile: [Windows]
[2016.06.21-02.29.16:635][  0]LogInit: Applying CVar settings loaded from the selected device profile: [Windows]
[2016.06.21-02.29.16:724][  0]LogInit: Computer: ANDREWSLAPTOP
[2016.06.21-02.29.16:724][  0]LogInit: User: AndrewsLaptop
[2016.06.21-02.29.16:725][  0]LogInit: CPU Page size=65536, Cores=2
[2016.06.21-02.29.16:725][  0]LogInit: High frequency timer resolution =2.143479 MHz
[2016.06.21-02.29.16:725][  0]LogMemory: Memory total: Physical=5.9GB (6GB approx)
[2016.06.21-02.29.16:725][  0]LogMemory: Platform Memory Stats for Windows
[2016.06.21-02.29.16:725][  0]LogMemory: Process Physical Memory: 312.08 MB used, 312.08 MB peak
[2016.06.21-02.29.16:725][  0]LogMemory: Process Virtual Memory: 315.47 MB used, 315.47 MB peak
[2016.06.21-02.29.16:725][  0]LogMemory: Physical Memory: 3545.00 MB used, 6058.14 MB total
[2016.06.21-02.29.16:725][  0]LogMemory: Virtual Memory: 651.93 MB used, 134217728.00 MB total
[2016.06.21-02.29.16:828][  0]LogTextLocalizationManager: No specific translations for ('en-US') exist, so ('en') translations will be used.
[2016.06.21-02.29.18:121][  0]LogD3D11RHI: D3D11 adapters:
[2016.06.21-02.29.18:129][  0]LogD3D11RHI:    0. 'Intel(R) HD Graphics 5500' (Feature Level 11_0)
[2016.06.21-02.29.18:129][  0]LogD3D11RHI:       128MB of dedicated video memory, 0MB of dedicated system memory, and 3029MB of shared system memory, 1 output[s]
[2016.06.21-02.29.18:132][  0]LogD3D11RHI:    1. 'Microsoft Basic Render Driver' (Feature Level 11_0)
[2016.06.21-02.29.18:132][  0]LogD3D11RHI:       0MB of dedicated video memory, 0MB of dedicated system memory, and 3029MB of shared system memory, 0 output[s]
[2016.06.21-02.29.18:132][  0]LogD3D11RHI: Chosen D3D11 Adapter: 0
[2016.06.21-02.29.18:139][  0]LogD3D11RHI: Creating new Direct3DDevice
[2016.06.21-02.29.18:139][  0]LogD3D11RHI:     Adapter Name: Intel(R) HD Graphics 5500
[2016.06.21-02.29.18:139][  0]LogD3D11RHI:   Driver Version: Unknown (internal Unknown)
[2016.06.21-02.29.18:139][  0]LogD3D11RHI:      Driver Date: Unknown
[2016.06.21-02.29.18:139][  0]LogRHI: Texture pool is 1149 MB (70% of 1642 MB)
[2016.06.21-02.29.18:146][  0]LogD3D11RHI: Async texture creation enabled
[2016.06.21-02.29.18:153][  0]LogShaderCompilers: Guid format shader working directory is -26 characters bigger than the processId version (../../../../../../Users/Andrew's Laptop/Documents/Unreal Projects/MyProject/Intermediate/Shaders/WorkingDirectory/4788/).
[2016.06.21-02.29.18:153][  0]LogShaderCompilers: Cleaned the shader compiler working directory 'C:/Users/ANDREW~1/AppData/Local/Temp/UnrealShaderWorkingDir/54B20E5B4BEABE78AEBCFBA8BB33A04F/'.
[2016.06.21-02.29.18:153][  0]LogShaderCompilers:Display: Using Local Shader Compiler.
[2016.06.21-02.29.24:334][  0]LogTemp:Display: Loaded TP AllDesktopTargetPlatform
[2016.06.21-02.29.24:355][  0]LogTemp:Display: Loaded TP WindowsClientTargetPlatform
[2016.06.21-02.29.24:373][  0]LogTemp:Display: Loaded TP WindowsNoEditorTargetPlatform
[2016.06.21-02.29.24:390][  0]LogTemp:Display: Loaded TP WindowsServerTargetPlatform
[2016.06.21-02.29.24:407][  0]LogTemp:Display: Loaded TP WindowsTargetPlatform
[2016.06.21-02.29.24:420][  0]LogTemp:Display: Loaded TP AndroidTargetPlatform
[2016.06.21-02.29.24:432][  0]LogTemp:Display: Loaded TP Android_ASTCTargetPlatform
[2016.06.21-02.29.24:448][  0]LogTemp:Display: Loaded TP Android_ATCTargetPlatform
[2016.06.21-02.29.24:462][  0]LogTemp:Display: Loaded TP Android_DXTTargetPlatform
[2016.06.21-02.29.24:474][  0]LogTemp:Display: Loaded TP Android_ETC1TargetPlatform
[2016.06.21-02.29.24:487][  0]LogTemp:Display: Loaded TP Android_ETC2TargetPlatform
[2016.06.21-02.29.24:513][  0]LogTemp:Display: Loaded TP Android_MultiTargetPlatform
[2016.06.21-02.29.24:513][  0]LogTemp:Display: Loaded TP Android_PVRTCTargetPlatform
[2016.06.21-02.29.24:516][  0]LogTemp:Display: Loaded TP HTML5TargetPlatform
[2016.06.21-02.29.24:568][  0]LogTemp:Display: Loaded TP IOSTargetPlatform
[2016.06.21-02.29.24:578][  0]LogTemp:Display: Loaded TP TVOSTargetPlatform
[2016.06.21-02.29.24:588][  0]LogTemp:Display: Loaded TP LinuxNoEditorTargetPlatform
[2016.06.21-02.29.24:598][  0]LogTemp:Display: Loaded TP LinuxServerTargetPlatform
[2016.06.21-02.29.24:632][  0]LogTemp:Display: Loaded TP LinuxTargetPlatform
[2016.06.21-02.29.24:632][  0]LogTargetPlatformManager:Display: Building Assets For Windows
[2016.06.21-02.29.25:134][  0]LogDerivedDataCache:Display: Max Cache Size: 512 MB
[2016.06.21-02.29.26:036][  0]LogDerivedDataCache: Loaded boot cache 0.90s 46MB C:/Users/Andrew's Laptop/AppData/Local/UnrealEngine/4.11/DerivedDataCache/Boot.ddc.
[2016.06.21-02.29.26:037][  0]LogDerivedDataCache:Display: Loaded Boot cache: C:/Users/Andrew's Laptop/AppData/Local/UnrealEngine/4.11/DerivedDataCache/Boot.ddc
[2016.06.21-02.29.26:037][  0]LogDerivedDataCache: FDerivedDataBackendGraph:  Pak pak cache file ../../../../../../Users/Andrew's Laptop/Documents/Unreal Projects/MyProject/DerivedDataCache/DDC.ddp not found, will not use a pak cache.
[2016.06.21-02.29.26:037][  0]LogDerivedDataCache: Unable to find inner node Pak for hierarchical cache Hierarchy.
[2016.06.21-02.29.26:037][  0]LogDerivedDataCache: FDerivedDataBackendGraph:  CompressedPak pak cache file ../../../../../../Users/Andrew's Laptop/Documents/Unreal Projects/MyProject/DerivedDataCache/Compressed.ddp not found, will not use a pak cache.
[2016.06.21-02.29.26:037][  0]LogDerivedDataCache: Unable to find inner node CompressedPak for hierarchical cache Hierarchy.
[2016.06.21-02.29.26:138][  0]LogDerivedDataCache:Display: Pak cache opened for reading ../../../Engine/DerivedDataCache/Compressed.ddp.
[2016.06.21-02.29.26:154][  0]LogDerivedDataCache: Using Local data cache path C:/Users/Andrew's Laptop/AppData/Local/UnrealEngine/Common/DerivedDataCache: Writable
[2016.06.21-02.29.28:552][  0]LogInit: Selected Device Profile: [Windows]
[2016.06.21-02.29.28:597][  0]LogContentStreaming: Texture pool size is 0.00 MB
[2016.06.21-02.29.28:757][  0]LogMaterial: Uniform references updated for custom material expression Custom.
[2016.06.21-02.29.29:103][  0]LogMeshUtilities: No automatic mesh reduction module available
[2016.06.21-02.29.29:103][  0]LogMeshUtilities: No automatic mesh merging module available
[2016.06.21-02.29.29:103][  0]LogMeshUtilities: No distributed automatic mesh merging module available
[2016.06.21-02.29.30:190][  0]LogUObjectArray: 27679 objects as part of root set at end of initial load.
[2016.06.21-02.29.30:190][  0]LogUObjectAllocator: 5591600 out of 0 bytes used by permanent object pool.
[2016.06.21-02.29.30:190][  0]LogUObjectArray: CloseDisregardForGC: 0/0 objects in disregard for GC pool
[2016.06.21-02.29.30:224][  0]LogInit: WinSock: version 1.1 (2.2), MaxSocks=32767, MaxUdp=65467
[2016.06.21-02.29.31:182][  0]LogSlate: SlateFontCache - WITH_FREETYPE: 1, WITH_HARFBUZZ: 1
[2016.06.21-02.29.31:182][  0]LogSlate: SlateFontCache - WITH_FREETYPE: 1, WITH_HARFBUZZ: 1
[2016.06.21-02.29.36:019][  0]LogStreaming:Warning: Failed to read file '../../../Engine/Content/Editor/Slate/Common/Selection_16x.png' error.
[2016.06.21-02.29.36:019][  0]LogSlate: Could not find file for Slate resource: ../../../Engine/Content/Editor/Slate/Common/Selection_16x.png
[2016.06.21-02.29.36:019][  0]LogStreaming:Warning: Failed to read file '../../../Engine/Content/Editor/Slate/Common/Selection_16x.png' error.
[2016.06.21-02.29.36:019][  0]LogSlate: Could not find file for Slate resource: ../../../Engine/Content/Editor/Slate/Common/Selection_16x.png
[2016.06.21-02.29.36:019][  0]LogStreaming:Warning: Failed to read file '../../../Engine/Content/Editor/Slate/Common/Selection_16x.png' error.
[2016.06.21-02.29.36:019][  0]LogSlate: Could not find file for Slate resource: ../../../Engine/Content/Editor/Slate/Common/Selection_16x.png
[2016.06.21-02.29.54:417][  0]LogUdpMessaging: Initializing bridge on interface 0.0.0.0:0 to multicast group 230.0.0.1:6666.
[2016.06.21-02.29.54:853][  0]LogAssetRegistry: FAssetRegistry took 0.0226 seconds to start up
[2016.06.21-02.29.55:604][  0]SourceControl: Info Source control is disabled
[2016.06.21-02.29.55:607][  0]SourceControl: Info Source control is disabled
[2016.06.21-02.29.55:643][  0]SourceControl: Info Source control is disabled
[2016.06.21-02.29.55:685][  0]SourceControl: Info Source control is disabled
[2016.06.21-02.29.56:381][  0]LogHMD: Failed to initialize OpenVR with code 110
[2016.06.21-02.29.56:607][  0]LogEngine: Initializing Engine...
[2016.06.21-02.29.56:960][  0]LogAIModule: Creating AISystem for world NewWorld
[2016.06.21-02.29.56:993][  0]LogInit: XAudio2 using 'Speakers (Conexant SmartAudio HD)' : 2 channels at 48 kHz using 32 bits per sample (channel mask 0x3)
[2016.06.21-02.29.57:034][  0]LogInit: FAudioDevice initialized.
[2016.06.21-02.29.57:067][  0]LogDerivedDataCache: Saved boot cache 0.03s 46MB C:/Users/Andrew's Laptop/AppData/Local/UnrealEngine/4.11/DerivedDataCache/Boot.ddc.
[2016.06.21-02.29.57:073][  0]LogInit: Texture streaming: Enabled
[2016.06.21-02.29.57:110][  0]LogInit: Transaction tracking system initialized
[2016.06.21-02.29.57:150][  0]BlueprintLog: New page: Editor Load
[2016.06.21-02.29.57:794][  0]LocalizationService: Info Localization service is disabled
[2016.06.21-02.29.58:393][  0]LogConsoleResponse:Display: 
[2016.06.21-02.29.59:468][  0]LogCook:Display: Max memory allowance for cook 8192mb
[2016.06.21-02.29.59:468][  0]LogCook:Display: Mobile HDR setting 1
[2016.06.21-02.29.59:468][  0]LogCook:Display: Done creating registry. It took  0.00s.
[2016.06.21-02.30.00:771][  0]LogFileCache: Scanning file cache for directory 'C:/Users/Andrew's Laptop/Documents/Unreal Projects/MyProject/Content/' took 0.03s
[2016.06.21-02.30.00:802][  0]SourceControl: Info Source control is disabled
[2016.06.21-02.30.00:802][  0]Cmd: MAP LOAD FILE="../../../../../../Users/Andrew's Laptop/Documents/Unreal Projects/MyProject/Content/FirstPersonBP/Maps/FirstPersonExampleMap.umap" TEMPLATE=0 SHOWPROGRESS=1 FEATURELEVEL=3
[2016.06.21-02.30.00:941][  0]LightingResults: New page: Lighting Build
[2016.06.21-02.30.00:955][  0]MapCheck: New page: Map Check
[2016.06.21-02.30.00:955][  0]LightingResults: New page: Lighting Build
[2016.06.21-02.30.04:862][  0]LogTexture:Display: Building textures: HQ_Lightmap1_1 (AutoDXT)
[2016.06.21-02.30.06:017][  0]LogTexture:Display: Building textures: HQ_Lightmap1_2 (AutoDXT)
[2016.06.21-02.30.07:111][  0]LogTexture:Display: Building textures: HQ_Lightmap1_3 (AutoDXT)
[2016.06.21-02.30.08:103][  0]LogTexture:Display: Building textures: HQ_Lightmap1_4 (AutoDXT)
[2016.06.21-02.30.09:396][  0]LogTexture:Display: Building textures: HQ_Lightmap1_5 (AutoDXT)
[2016.06.21-02.30.11:861][  0]LogTexture:Display: Building textures: HQ_Lightmap1_6 (AutoDXT)
[2016.06.21-02.30.13:456][  0]LogTexture:Display: Building textures: HQ_Lightmap1_7 (AutoDXT)
[2016.06.21-02.30.14:547][  0]LogTexture:Display: Building textures: HQ_Lightmap1_8 (AutoDXT)
[2016.06.21-02.30.14:715][  0]LogTexture:Display: Building textures: LQ_Lightmap_1_1 (DXT1)
[2016.06.21-02.30.15:370][  0]LogTexture:Display: Building textures: LQ_Lightmap_1_2 (DXT1)
[2016.06.21-02.30.15:798][  0]LogTexture:Display: Building textures: LQ_Lightmap_1_3 (DXT1)
[2016.06.21-02.30.16:222][  0]LogTexture:Display: Building textures: LQ_Lightmap_1_4 (DXT1)
[2016.06.21-02.30.16:751][  0]LogTexture:Display: Building textures: LQ_Lightmap_1_5 (DXT1)
[2016.06.21-02.30.17:636][  0]LogTexture:Display: Building textures: LQ_Lightmap_1_6 (DXT1)
[2016.06.21-02.30.18:376][  0]LogTexture:Display: Building textures: LQ_Lightmap_1_7 (DXT1)
[2016.06.21-02.30.19:188][  0]LogTexture:Display: Building textures: LQ_Lightmap_1_8 (DXT1)
[2016.06.21-02.30.19:193][  0]LogTexture:Display: Building textures: SkyOcclusion0_8 (AutoDXT)
[2016.06.21-02.30.19:222][  0]LogTexture:Display: Building textures: SkyOcclusion1_1 (AutoDXT)
[2016.06.21-02.30.19:657][  0]LogTexture:Display: Building textures: SkyOcclusion1_2 (AutoDXT)
[2016.06.21-02.30.20:386][  0]LogTexture:Display: Building textures: SkyOcclusion1_3 (AutoDXT)
[2016.06.21-02.30.21:082][  0]LogTexture:Display: Building textures: SkyOcclusion1_4 (AutoDXT)
[2016.06.21-02.30.21:777][  0]LogTexture:Display: Building textures: SkyOcclusion1_5 (AutoDXT)
[2016.06.21-02.30.22:721][  0]LogTexture:Display: Building textures: SkyOcclusion1_6 (AutoDXT)
[2016.06.21-02.30.23:382][  0]LogTexture:Display: Building textures: SkyOcclusion1_7 (AutoDXT)
[2016.06.21-02.30.23:901][  0]LogTexture:Display: Building textures: ShadowMapTexture2D_10 (G8)
[2016.06.21-02.30.24:025][  0]LogTexture:Display: Building textures: ShadowMapTexture2D_11 (G8)
[2016.06.21-02.30.24:154][  0]LogTexture:Display: Building textures: ShadowMapTexture2D_12 (G8)
[2016.06.21-02.30.24:285][  0]LogTexture:Display: Building textures: ShadowMapTexture2D_13 (G8)
[2016.06.21-02.30.24:411][  0]LogTexture:Display: Building textures: ShadowMapTexture2D_14 (G8)
[2016.06.21-02.30.24:531][  0]LogTexture:Display: Building textures: ShadowMapTexture2D_15 (G8)
[2016.06.21-02.30.24:542][  0]LogTexture:Display: Building textures: ShadowMapTexture2D_7 (G8)
[2016.06.21-02.30.24:671][  0]LogTexture:Display: Building textures: ShadowMapTexture2D_9 (G8)
[2016.06.21-02.30.25:529][  0]LogTexture:Display: Building textures: T_ML_Aluminum01 (AutoDXT)
[2016.06.21-02.30.37:525][  0]LogTexture:Display: Building textures: T_ML_Rubber_Blue_01_N (BC5)
[2016.06.21-02.30.39:036][  0]LogTexture:Display: Building textures: T_ML_Rubber_Blue_01_D (AutoDXT)
[2016.06.21-02.30.48:306][  0]LogTexture:Display: Building textures: T_ML_Aluminum01_N (BC5)
[2016.06.21-02.30.49:865][  0]LogTexture:Display: Building textures: T_FPGun_N (BC5)
[2016.06.21-02.30.51:107][  0]LogTexture:Display: Building textures: T_FPGun_M (AutoDXT)
[2016.06.21-02.30.52:627][  0]LogTexture:Display: Building textures: UE4_Mannequin_MAT_MASKA (AutoDXT)
[2016.06.21-02.30.53:340][  0]LogTexture:Display: Building textures: UE4_Mannequin__normals (BC5)
[2016.06.21-02.30.55:283][  0]LogTexture:Display: Building textures: T_ML_Aluminum01_N (BC5)
[2016.06.21-02.30.57:667][  0]LogTexture:Display: Building textures: T_ML_Aluminum01 (AutoDXT)
[2016.06.21-02.31.08:947][  0]LogTexture:Display: Building textures: T_ML_Rubber_Blue_01_D (AutoDXT)
[2016.06.21-02.31.20:351][  0]LogTexture:Display: Building textures: T_ML_Rubber_Blue_01_N (BC5)
[2016.06.21-02.31.21:517][  0]LogTexture:Display: Building textures: UE4_LOGO_CARD (AutoDXT)
[2016.06.21-02.31.21:704][  0]LogAIModule: Creating AISystem for world FirstPersonExampleMap
[2016.06.21-02.31.21:828][  0]LogEditorServer: Finished looking for orphan Actors (0.000 secs)
[2016.06.21-02.31.21:829][  0]Cmd: MAP CHECKDEP NOCLEARLOG
[2016.06.21-02.31.21:950][  0]MapCheck: Info Map check complete: 0 Error(s), 0 Warning(s), took 120.878ms to complete.
[2016.06.21-02.31.21:950][  0]LogFileHelpers: Loading map 'FirstPersonExampleMap' took 81.149
[2016.06.21-02.31.22:312][  0]LogCollectionManager: Loaded 0 collections in 0.005226 seconds
[2016.06.21-02.31.22:358][  0]LogFileCache: Scanning file cache for directory 'C:/Users/Andrew's Laptop/Documents/Unreal Projects/MyProject/Saved/Collections/' took 0.01s
[2016.06.21-02.31.22:358][  0]LogFileCache: Scanning file cache for directory 'C:/Users/Andrew's Laptop/Documents/Unreal Projects/MyProject/Content/Developers/AndrewsLaptop/Collections/' took 0.01s
[2016.06.21-02.31.22:358][  0]LogFileCache: Scanning file cache for directory 'C:/Users/Andrew's Laptop/Documents/Unreal Projects/MyProject/Content/Collections/' took 0.01s
[2016.06.21-02.31.22:358][  0]LogCollectionManager: Rebuilt the GUID cache for 0 collections in 0.000004 seconds
[2016.06.21-02.31.22:375][  0]LogContentBrowser: Native class hierarchy populated in 0.0166 seconds. Added 1979 classes and 343 folders.
[2016.06.21-02.31.22:386][  0]LogStats: UGameplayTagsManager::ConstructGameplayTagTree: Construct from data asset -  0.000 s
[2016.06.21-02.31.22:386][  0]LogStats: UGameplayTagsManager::ConstructGameplayTagTree: GameplayTagTreeChangedEvent.Broadcast -  0.000 s
[2016.06.21-02.31.22:387][  0]LogContentBrowser: Native class hierarchy updated for 'GameplayTags' in 0.0009 seconds. Added 12 classes and 0 folders.
[2016.06.21-02.31.22:401][  0]LogContentBrowser: Native class hierarchy updated for 'WidgetCarousel' in 0.0007 seconds. Added 0 classes and 0 folders.
[2016.06.21-02.31.22:547][  0]LogContentBrowser: Native class hierarchy updated for 'SuperSearch' in 0.0006 seconds. Added 1 classes and 2 folders.
[2016.06.21-02.31.24:324][  0]LogContentBrowser: Native class hierarchy updated for 'AddContentDialog' in 0.0008 seconds. Added 0 classes and 0 folders.
[2016.06.21-02.31.24:537][  0]LogContentBrowser: Native class hierarchy updated for 'SceneOutliner' in 0.0012 seconds. Added 1 classes and 2 folders.
[2016.06.21-02.31.24:822][  0]LogCrashTracker: Crashtracker disabled due to settings.
[2016.06.21-02.31.24:840][  0]LogUObjectGlobals:Warning: Failed to find object 'Class None.'
[2016.06.21-02.31.24:888][  0]LogContentBrowser: Native class hierarchy updated for 'HierarchicalLODOutliner' in 0.0027 seconds. Added 1 classes and 2 folders.
[2016.06.21-02.31.24:890][  0]LogLoad: Full Startup: 130.40 seconds (BP compile: 0.42 seconds)
[2016.06.21-02.31.24:890][  0]LogExternalProfiler: Found external profiler: VSPerf
[2016.06.21-02.31.24:890][  0]LogExternalProfiler: Using external profiler: VSPerf
[2016.06.21-02.31.24:910][  0]LogWindowsTextInputMethodSystem:Display: IME system now deactivated.
[2016.06.21-02.31.24:911][  0]LogWindowsTextInputMethodSystem:Display: IME system now deactivated.
[2016.06.21-02.31.24:912][  0]LogOcInput: OculusInput pre-init called
[2016.06.21-02.31.25:232][  0]LogContentStreaming: Texture pool size now 1000 MB
[2016.06.21-02.31.25:432][  0]LogTexture:Display: Building textures: LevelGrid1DStripes (BGRA8)
[2016.06.21-02.31.25:821][  0]LogRenderer: Reallocating scene render targets to support 856x372 (Frame:2).
[2016.06.21-02.31.27:860][  2]LogAssetRegistry: Asset discovery search completed in 93.0304 seconds
[2016.06.21-02.31.27:861][  2]LogCollectionManager: Rebuilt the object cache for 0 collections in 0.000001 seconds (found 0 objects)
[2016.06.21-02.31.27:861][  2]LogCollectionManager: Fixed up redirectors for 0 collections in 0.000059 seconds (updated 0 objects)
[2016.06.21-02.32.28:563][478]LogBlueprintUserMessages: Early PlayInEditor Detection: Level '/Game/FirstPersonBP/Maps/FirstPersonExampleMap.FirstPersonExampleMap:PersistentLevel' has LevelScriptBlueprint '/Game/FirstPersonBP/Maps/FirstPersonExampleMap.FirstPersonExampleMap:PersistentLevel.FirstPersonExampleMap' with GeneratedClass '/Game/FirstPersonBP/Maps/FirstPersonExampleMap.FirstPersonExampleMap_C' with ClassGeneratedBy '/Game/FirstPersonBP/Maps/FirstPersonExampleMap.FirstPersonExampleMap:PersistentLevel.FirstPersonExampleMap'
[2016.06.21-02.32.28:563][478]LogPlayLevel: PlayLevel: No blueprints needed recompiling
[2016.06.21-02.32.28:608][478]PIE: New page: PIE session: FirstPersonExampleMap (Jun 20, 2016, 5:32:28 PM)
[2016.06.21-02.32.28:608][478]LogPlayLevel: Creating play world package: /Game/FirstPersonBP/Maps/UEDPIE_0_FirstPersonExampleMap
[2016.06.21-02.32.28:676][478]LogPlayLevel: PIE: StaticDuplicateObject took: (0.068033s)
[2016.06.21-02.32.28:677][478]LogAIModule: Creating AISystem for world FirstPersonExampleMap
[2016.06.21-02.32.28:677][478]LogPlayLevel: PIE: World Init took: (0.001157s)
[2016.06.21-02.32.28:677][478]LogPlayLevel: PIE: Created PIE world by copying editor world from /Game/FirstPersonBP/Maps/FirstPersonExampleMap.FirstPersonExampleMap to /Game/FirstPersonBP/Maps/UEDPIE_0_FirstPersonExampleMap.FirstPersonExampleMap (0.069646s)
[2016.06.21-02.32.28:677][478]LogActorComponent: UnregisterComponent: (/Engine/Transient.ProjectileMovementComponent_40__A6522401) Not registered. Aborting.
[2016.06.21-02.32.28:677][478]LogActorComponent: UnregisterComponent: (/Engine/Transient.CharMoveComp) Not registered. Aborting.
[2016.06.21-02.32.28:713][478]LogInit: XAudio2 using 'Speakers (Conexant SmartAudio HD)' : 2 channels at 48 kHz using 32 bits per sample (channel mask 0x3)
[2016.06.21-02.32.28:727][478]LogInit: FAudioDevice initialized.
[2016.06.21-02.32.29:179][478]LogTexture:Display: Building textures: FirstPersonCrosshair (AutoDXT)
[2016.06.21-02.32.29:198][478]LogWorld: Game class is 'FirstPersonGameMode_C'
[2016.06.21-02.32.29:235][478]LogWorld: Bringing World /Game/FirstPersonBP/Maps/UEDPIE_0_FirstPersonExampleMap.FirstPersonExampleMap up for play (max tick rate 60) at 2016.06.20-22.32.29
[2016.06.21-02.32.29:237][478]LogWorld: Bringing up level for play took: 0.016832
[2016.06.21-02.32.29:321][478]LogContentBrowser: Native class hierarchy updated for 'MovieSceneCapture' in 0.0021 seconds. Added 9 classes and 0 folders.
[2016.06.21-02.32.29:322][478]PIE: Info Play in editor start time for /Game/FirstPersonBP/Maps/UEDPIE_0_FirstPersonExampleMap 0.262
[2016.06.21-02.32.29:323][478]LogBlueprintUserMessages: Late PlayInEditor Detection: Level '/Game/FirstPersonBP/Maps/FirstPersonExampleMap.FirstPersonExampleMap:PersistentLevel' has LevelScriptBlueprint '/Game/FirstPersonBP/Maps/FirstPersonExampleMap.FirstPersonExampleMap:PersistentLevel.FirstPersonExampleMap' with GeneratedClass '/Game/FirstPersonBP/Maps/FirstPersonExampleMap.FirstPersonExampleMap_C' with ClassGeneratedBy '/Game/FirstPersonBP/Maps/FirstPersonExampleMap.FirstPersonExampleMap:PersistentLevel.FirstPersonExampleMap'
[2016.06.21-02.34.23:312][793]LogBlueprintUserMessages: Early EndPlayMap Detection: Level '/Game/FirstPersonBP/Maps/FirstPersonExampleMap.FirstPersonExampleMap:PersistentLevel' has LevelScriptBlueprint '/Game/FirstPersonBP/Maps/FirstPersonExampleMap.FirstPersonExampleMap:PersistentLevel.FirstPersonExampleMap' with GeneratedClass '/Game/FirstPersonBP/Maps/FirstPersonExampleMap.FirstPersonExampleMap_C' with ClassGeneratedBy '/Game/FirstPersonBP/Maps/FirstPersonExampleMap.FirstPersonExampleMap:PersistentLevel.FirstPersonExampleMap'
[2016.06.21-02.34.23:547][793]LogBlueprintUserMessages: Late EndPlayMap Detection: Level '/Game/FirstPersonBP/Maps/FirstPersonExampleMap.FirstPersonExampleMap:PersistentLevel' has LevelScriptBlueprint '/Game/FirstPersonBP/Maps/FirstPersonExampleMap.FirstPersonExampleMap:PersistentLevel.FirstPersonExampleMap' with GeneratedClass '/Game/FirstPersonBP/Maps/FirstPersonExampleMap.FirstPersonExampleMap_C' with ClassGeneratedBy '/Game/FirstPersonBP/Maps/FirstPersonExampleMap.FirstPersonExampleMap:PersistentLevel.FirstPersonExampleMap'
[2016.06.21-02.34.31:152][865]LogContentBrowser: Native class hierarchy updated for 'BlueprintGraph' in 0.0023 seconds. Added 108 c