Log file open, 07/18/16 10:17:38
LogInit:Display: Running engine for game: MyProject
LogPlatformFile: Not using cached read wrapper
LogInit:Display: RandInit(-1537831239) SRandInit(-1537831237).
LogTaskGraph: Started task graph with 4 named threads and 5 total threads.
LogStats: Stats thread started at 0.071182
LogInit: Version: 4.11.2-2946394+++UE4+Release-4.11
LogInit: API Version: 2927265
LogInit: Compiled (64-bit): Apr 18 2016 02:18:46
LogInit: Compiled with Visual C++: 19.00.23026.00
LogInit: Build Configuration: Development
LogInit: Branch Name: ++UE4+Release-4.11
LogInit: Command line: 
LogInit: Base directory: C:/Program Files (x86)/Epic Games/4.11/Engine/Binaries/Win64/
LogInit: Installed Engine Build: 1
LogInit: Using libcurl 7.41.0
LogInit:  - built for x86_64-pc-win32
LogInit:  - supports SSL with WinSSL
LogInit:  - other features:
LogInit:      CURL_VERSION_SSL
LogInit:      CURL_VERSION_IPV6
LogInit:      CURL_VERSION_ASYNCHDNS
LogInit:      CURL_VERSION_LARGEFILE
LogInit:      CURL_VERSION_IDN
LogInit:  CurlRequestOptions (configurable via config and command line):
LogInit:  - bVerifyPeer = true  - Libcurl will verify peer certificate
LogInit:  - bUseHttpProxy = false  - Libcurl will NOT use HTTP proxy
LogInit:  - bDontReuseConnections = false  - Libcurl will reuse connections
LogInit:  - CertBundlePath = nullptr  - Libcurl will use whatever was configured at build time.
LogInit: Presizing for max 16777216 objects, including 0 objects not considered by GC, pre-allocating 0 bytes for permanent pool.
LogInit: Object subsystem initialized
[2016.07.18-14.17.38:507][  0]LogInit: Selected Device Profile: [Windows]
[2016.07.18-14.17.38:507][  0]LogInit: Applying CVar settings loaded from the selected device profile: [Windows]
[2016.07.18-14.17.38:531][  0]LogInit: Computer: ANDREWSLAPTOP
[2016.07.18-14.17.38:531][  0]LogInit: User: AndrewsLaptop
[2016.07.18-14.17.38:531][  0]LogInit: CPU Page size=65536, Cores=2
[2016.07.18-14.17.38:531][  0]LogInit: High frequency timer resolution =2.143477 MHz
[2016.07.18-14.17.38:531][  0]LogMemory: Memory total: Physical=5.9GB (6GB approx)
[2016.07.18-14.17.38:531][  0]LogMemory: Platform Memory Stats for Windows
[2016.07.18-14.17.38:531][  0]LogMemory: Process Physical Memory: 312.22 MB used, 312.22 MB peak
[2016.07.18-14.17.38:531][  0]LogMemory: Process Virtual Memory: 315.49 MB used, 315.49 MB peak
[2016.07.18-14.17.38:531][  0]LogMemory: Physical Memory: 4331.37 MB used, 6058.14 MB total
[2016.07.18-14.17.38:531][  0]LogMemory: Virtual Memory: 651.93 MB used, 134217728.00 MB total
[2016.07.18-14.17.38:565][  0]LogTextLocalizationManager: No specific translations for ('en-US') exist, so ('en') translations will be used.
[2016.07.18-14.17.39:090][  0]LogD3D11RHI: D3D11 adapters:
[2016.07.18-14.17.39:097][  0]LogD3D11RHI:    0. 'Intel(R) HD Graphics 5500' (Feature Level 11_0)
[2016.07.18-14.17.39:097][  0]LogD3D11RHI:       128MB of dedicated video memory, 0MB of dedicated system memory, and 3029MB of shared system memory, 1 output[s]
[2016.07.18-14.17.39:100][  0]LogD3D11RHI:    1. 'Microsoft Basic Render Driver' (Feature Level 11_0)
[2016.07.18-14.17.39:100][  0]LogD3D11RHI:       0MB of dedicated video memory, 0MB of dedicated system memory, and 3029MB of shared system memory, 0 output[s]
[2016.07.18-14.17.39:100][  0]LogD3D11RHI: Chosen D3D11 Adapter: 0
[2016.07.18-14.17.39:107][  0]LogD3D11RHI: Creating new Direct3DDevice
[2016.07.18-14.17.39:107][  0]LogD3D11RHI:     Adapter Name: Intel(R) HD Graphics 5500
[2016.07.18-14.17.39:107][  0]LogD3D11RHI:   Driver Version: Unknown (internal Unknown)
[2016.07.18-14.17.39:107][  0]LogD3D11RHI:      Driver Date: Unknown
[2016.07.18-14.17.39:107][  0]LogRHI: Texture pool is 1149 MB (70% of 1642 MB)
[2016.07.18-14.17.39:113][  0]LogD3D11RHI: Async texture creation enabled
[2016.07.18-14.17.39:119][  0]LogShaderCompilers: Guid format shader working directory is -27 characters bigger than the processId version (../../../../../../Users/Andrew's Laptop/Documents/Unreal Projects/MyProject/Intermediate/Shaders/WorkingDirectory/10440/).
[2016.07.18-14.17.39:119][  0]LogShaderCompilers: Cleaned the shader compiler working directory 'C:/Users/ANDREW~1/AppData/Local/Temp/UnrealShaderWorkingDir/3DF5505B4A2F506F07AAB8B82E9144AC/'.
[2016.07.18-14.17.39:119][  0]LogShaderCompilers:Display: Using Local Shader Compiler.
[2016.07.18-14.17.40:969][  0]LogTemp:Display: Loaded TP AllDesktopTargetPlatform
[2016.07.18-14.17.40:976][  0]LogTemp:Display: Loaded TP WindowsClientTargetPlatform
[2016.07.18-14.17.40:983][  0]LogTemp:Display: Loaded TP WindowsNoEditorTargetPlatform
[2016.07.18-14.17.40:990][  0]LogTemp:Display: Loaded TP WindowsServerTargetPlatform
[2016.07.18-14.17.40:997][  0]LogTemp:Display: Loaded TP WindowsTargetPlatform
[2016.07.18-14.17.41:002][  0]LogTemp:Display: Loaded TP AndroidTargetPlatform
[2016.07.18-14.17.41:006][  0]LogTemp:Display: Loaded TP Android_ASTCTargetPlatform
[2016.07.18-14.17.41:011][  0]LogTemp:Display: Loaded TP Android_ATCTargetPlatform
[2016.07.18-14.17.41:016][  0]LogTemp:Display: Loaded TP Android_DXTTargetPlatform
[2016.07.18-14.17.41:021][  0]LogTemp:Display: Loaded TP Android_ETC1TargetPlatform
[2016.07.18-14.17.41:026][  0]LogTemp:Display: Loaded TP Android_ETC2TargetPlatform
[2016.07.18-14.17.41:036][  0]LogTemp:Display: Loaded TP Android_MultiTargetPlatform
[2016.07.18-14.17.41:036][  0]LogTemp:Display: Loaded TP Android_PVRTCTargetPlatform
[2016.07.18-14.17.41:037][  0]LogTemp:Display: Loaded TP HTML5TargetPlatform
[2016.07.18-14.17.41:062][  0]LogTemp:Display: Loaded TP IOSTargetPlatform
[2016.07.18-14.17.41:068][  0]LogTemp:Display: Loaded TP TVOSTargetPlatform
[2016.07.18-14.17.41:072][  0]LogTemp:Display: Loaded TP LinuxNoEditorTargetPlatform
[2016.07.18-14.17.41:076][  0]LogTemp:Display: Loaded TP LinuxServerTargetPlatform
[2016.07.18-14.17.41:081][  0]LogTemp:Display: Loaded TP LinuxTargetPlatform
[2016.07.18-14.17.41:081][  0]LogTargetPlatformManager:Display: Building Assets For Windows
[2016.07.18-14.17.41:211][  0]LogDerivedDataCache:Display: Max Cache Size: 512 MB
[2016.07.18-14.17.41:285][  0]LogDerivedDataCache: Loaded boot cache 0.07s 46MB C:/Users/Andrew's Laptop/AppData/Local/UnrealEngine/4.11/DerivedDataCache/Boot.ddc.
[2016.07.18-14.17.41:285][  0]LogDerivedDataCache:Display: Loaded Boot cache: C:/Users/Andrew's Laptop/AppData/Local/UnrealEngine/4.11/DerivedDataCache/Boot.ddc
[2016.07.18-14.17.41:285][  0]LogDerivedDataCache: FDerivedDataBackendGraph:  Pak pak cache file ../../../../../../Users/Andrew's Laptop/Documents/Unreal Projects/MyProject/DerivedDataCache/DDC.ddp not found, will not use a pak cache.
[2016.07.18-14.17.41:285][  0]LogDerivedDataCache: Unable to find inner node Pak for hierarchical cache Hierarchy.
[2016.07.18-14.17.41:285][  0]LogDerivedDataCache: FDerivedDataBackendGraph:  CompressedPak pak cache file ../../../../../../Users/Andrew's Laptop/Documents/Unreal Projects/MyProject/DerivedDataCache/Compressed.ddp not found, will not use a pak cache.
[2016.07.18-14.17.41:285][  0]LogDerivedDataCache: Unable to find inner node CompressedPak for hierarchical cache Hierarchy.
[2016.07.18-14.17.41:307][  0]LogDerivedDataCache:Display: Pak cache opened for reading ../../../Engine/DerivedDataCache/Compressed.ddp.
[2016.07.18-14.17.41:319][  0]LogDerivedDataCache: Using Local data cache path C:/Users/Andrew's Laptop/AppData/Local/UnrealEngine/Common/DerivedDataCache: Writable
[2016.07.18-14.17.41:566][  0]LogInit: Selected Device Profile: [Windows]
[2016.07.18-14.17.41:567][  0]LogContentStreaming: Texture pool size is 0.00 MB
[2016.07.18-14.17.41:738][  0]LogMaterial: Uniform references updated for custom material expression Custom.
[2016.07.18-14.17.41:913][  0]LogMeshUtilities: No automatic mesh reduction module available
[2016.07.18-14.17.41:913][  0]LogMeshUtilities: No automatic mesh merging module available
[2016.07.18-14.17.41:913][  0]LogMeshUtilities: No distributed automatic mesh merging module available
[2016.07.18-14.17.42:231][  0]LogUObjectArray: 27679 objects as part of root set at end of initial load.
[2016.07.18-14.17.42:231][  0]LogUObjectAllocator: 5591600 out of 0 bytes used by permanent object pool.
[2016.07.18-14.17.42:231][  0]LogUObjectArray: CloseDisregardForGC: 0/0 objects in disregard for GC pool
[2016.07.18-14.17.42:242][  0]LogInit: WinSock: version 1.1 (2.2), MaxSocks=32767, MaxUdp=65467
[2016.07.18-14.17.42:587][  0]LogSlate: SlateFontCache - WITH_FREETYPE: 1, WITH_HARFBUZZ: 1
[2016.07.18-14.17.42:587][  0]LogSlate: SlateFontCache - WITH_FREETYPE: 1, WITH_HARFBUZZ: 1
[2016.07.18-14.17.42:739][  0]LogStreaming:Warning: Failed to read file '../../../Engine/Content/Editor/Slate/Common/Selection_16x.png' error.
[2016.07.18-14.17.42:739][  0]LogSlate: Could not find file for Slate resource: ../../../Engine/Content/Editor/Slate/Common/Selection_16x.png
[2016.07.18-14.17.42:739][  0]LogStreaming:Warning: Failed to read file '../../../Engine/Content/Editor/Slate/Common/Selection_16x.png' error.
[2016.07.18-14.17.42:739][  0]LogSlate: Could not find file for Slate resource: ../../../Engine/Content/Editor/Slate/Common/Selection_16x.png
[2016.07.18-14.17.42:739][  0]LogStreaming:Warning: Failed to read file '../../../Engine/Content/Editor/Slate/Common/Selection_16x.png' error.
[2016.07.18-14.17.42:739][  0]LogSlate: Could not find file for Slate resource: ../../../Engine/Content/Editor/Slate/Common/Selection_16x.png
[2016.07.18-14.17.43:535][  0]LogUdpMessaging: Initializing bridge on interface 0.0.0.0:0 to multicast group 230.0.0.1:6666.
[2016.07.18-14.17.43:653][  0]LogAssetRegistry: FAssetRegistry took 0.0218 seconds to start up
[2016.07.18-14.17.44:065][  0]SourceControl: Info Source control is disabled
[2016.07.18-14.17.44:068][  0]SourceControl: Info Source control is disabled
[2016.07.18-14.17.44:091][  0]SourceControl: Info Source control is disabled
[2016.07.18-14.17.44:108][  0]SourceControl: Info Source control is disabled
[2016.07.18-14.17.44:292][  0]LogHMD: Failed to initialize OpenVR with code 110
[2016.07.18-14.17.44:453][  0]LogEngine: Initializing Engine...
[2016.07.18-14.17.44:648][  0]LogAIModule: Creating AISystem for world NewWorld
[2016.07.18-14.17.44:653][  0]LogInit: XAudio2 using 'Speakers (Conexant SmartAudio HD)' : 2 channels at 48 kHz using 32 bits per sample (channel mask 0x3)
[2016.07.18-14.17.44:694][  0]LogInit: FAudioDevice initialized.
[2016.07.18-14.17.44:737][  0]LogDerivedDataCache: Saved boot cache 0.04s 46MB C:/Users/Andrew's Laptop/AppData/Local/UnrealEngine/4.11/DerivedDataCache/Boot.ddc.
[2016.07.18-14.17.44:743][  0]LogInit: Texture streaming: Enabled
[2016.07.18-14.17.44:780][  0]LogInit: Transaction tracking system initialized
[2016.07.18-14.17.44:823][  0]BlueprintLog: New page: Editor Load
[2016.07.18-14.17.45:128][  0]LocalizationService: Info Localization service is disabled
[2016.07.18-14.17.45:231][  0]LogConsoleResponse:Display: 
[2016.07.18-14.17.45:388][  0]LogCook:Display: Max memory allowance for cook 8192mb
[2016.07.18-14.17.45:388][  0]LogCook:Display: Mobile HDR setting 1
[2016.07.18-14.17.45:388][  0]LogCook:Display: Done creating registry. It took  0.00s.
[2016.07.18-14.17.45:475][  0]LogFileCache: Scanning file cache for directory 'C:/Users/Andrew's Laptop/Documents/Unreal Projects/MyProject/Content/' took 0.02s
[2016.07.18-14.17.45:475][  0]SourceControl: Info Source control is disabled
[2016.07.18-14.17.45:475][  0]Cmd: MAP LOAD FILE="../../../../../../Users/Andrew's Laptop/Documents/Unreal Projects/MyProject/Content/FirstPersonBP/Maps/FirstPersonExampleMap.umap" TEMPLATE=0 SHOWPROGRESS=1 FEATURELEVEL=3
[2016.07.18-14.17.45:763][  0]LightingResults: New page: Lighting Build
[2016.07.18-14.17.45:774][  0]MapCheck: New page: Map Check
[2016.07.18-14.17.45:774][  0]LightingResults: New page: Lighting Build
[2016.07.18-14.17.49:117][  0]LogAIModule: Creating AISystem for world FirstPersonExampleMap
[2016.07.18-14.17.49:139][  0]LogEditorServer: Finished looking for orphan Actors (0.000 secs)
[2016.07.18-14.17.49:140][  0]Cmd: MAP CHECKDEP NOCLEARLOG
[2016.07.18-14.17.49:213][  0]MapCheck: Info Map check complete: 0 Error(s), 0 Warning(s), took 73.475ms to complete.
[2016.07.18-14.17.49:213][  0]LogFileHelpers: Loading map 'FirstPersonExampleMap' took 3.739
[2016.07.18-14.17.49:624][  0]LogCollectionManager: Loaded 0 collections in 0.008220 seconds
[2016.07.18-14.17.49:682][  0]LogFileCache: Scanning file cache for directory 'C:/Users/Andrew's Laptop/Documents/Unreal Projects/MyProject/Saved/Collections/' took 0.01s
[2016.07.18-14.17.49:682][  0]LogFileCache: Scanning file cache for directory 'C:/Users/Andrew's Laptop/Documents/Unreal Projects/MyProject/Content/Developers/AndrewsLaptop/Collections/' took 0.01s
[2016.07.18-14.17.49:682][  0]LogFileCache: Scanning file cache for directory 'C:/Users/Andrew's Laptop/Documents/Unreal Projects/MyProject/Content/Collections/' took 0.01s
[2016.07.18-14.17.49:682][  0]LogCollectionManager: Rebuilt the GUID cache for 0 collections in 0.000013 seconds
[2016.07.18-14.17.49:695][  0]LogContentBrowser: Native class hierarchy populated in 0.0125 seconds. Added 1979 classes and 343 folders.
[2016.07.18-14.17.49:702][  0]LogStats: UGameplayTagsManager::ConstructGameplayTagTree: Construct from data asset -  0.000 s
[2016.07.18-14.17.49:702][  0]LogStats: UGameplayTagsManager::ConstructGameplayTagTree: GameplayTagTreeChangedEvent.Broadcast -  0.000 s
[2016.07.18-14.17.49:703][  0]LogContentBrowser: Native class hierarchy updated for 'GameplayTags' in 0.0007 seconds. Added 12 classes and 0 folders.
[2016.07.18-14.17.49:715][  0]LogContentBrowser: Native class hierarchy updated for 'WidgetCarousel' in 0.0004 seconds. Added 0 classes and 0 folders.
[2016.07.18-14.17.49:883][  0]LogContentBrowser: Native class hierarchy updated for 'SuperSearch' in 0.0012 seconds. Added 1 classes and 2 folders.
[2016.07.18-14.17.51:990][  0]LogContentBrowser: Native class hierarchy updated for 'AddContentDialog' in 0.0012 seconds. Added 0 classes and 0 folders.
[2016.07.18-14.17.52:098][  0]LogContentBrowser: Native class hierarchy updated for 'SceneOutliner' in 0.0012 seconds. Added 1 classes and 2 folders.
[2016.07.18-14.17.52:297][  0]LogCrashTracker: Crashtracker disabled due to settings.
[2016.07.18-14.17.52:306][  0]LogUObjectGlobals:Warning: Failed to find object 'Class None.'
[2016.07.18-14.17.52:423][  0]LogContentBrowser: Native class hierarchy updated for 'HierarchicalLODOutliner' in 0.0007 seconds. Added 1 classes and 2 folders.
[2016.07.18-14.17.52:423][  0]LogLoad: Full Startup: 15.40 seconds (BP compile: 0.13 seconds)
[2016.07.18-14.17.52:424][  0]LogExternalProfiler: Found external profiler: VSPerf
[2016.07.18-14.17.52:424][  0]LogExternalProfiler: Using external profiler: VSPerf
[2016.07.18-14.17.52:433][  0]LogWindowsTextInputMethodSystem:Display: IME system now deactivated.
[2016.07.18-14.17.52:434][  0]LogWindowsTextInputMethodSystem:Display: IME system now deactivated.
[2016.07.18-14.17.52:434][  0]LogOcInput: OculusInput pre-init called
[2016.07.18-14.17.52:654][  0]LogContentStreaming: Texture pool size now 1000 MB
[2016.07.18-14.17.52:927][  0]LogRenderer: Reallocating scene render targets to support 856x372 (Frame:2).
[2016.07.18-14.17.53:958][  2]LogAssetRegistry: Asset discovery search completed in 10.3273 seconds
[2016.07.18-14.17.53:958][  2]LogCollectionManager: Rebuilt the object cache for 0 collections in 0.000000 seconds (found 0 objects)
[2016.07.18-14.17.53:958][  2]LogCollectionManager: Fixed up redirectors for 0 collections in 0.000025 seconds (updated 0 objects)
[2016.07.18-14.18.09:338][285]LogContentBrowser: Native class hierarchy updated for 'BlueprintGraph' in 0.0009 seconds. Added 108 classes and 0 folders.
[2016.07.18-14.19.23:514][343]LogBlueprintUserMessages: Early PlayInEditor Detection: Level '/Game/FirstPersonBP/Maps/FirstPersonExampleMap.FirstPersonExampleMap:PersistentLevel' has LevelScriptBlueprint '/Game/FirstPersonBP/Maps/FirstPersonExampleMap.FirstPersonExampleMap:PersistentLevel.FirstPersonExampleMap' with GeneratedClass '/Game/FirstPersonBP/Maps/FirstPersonExampleMap.FirstPersonExampleMap_C' with ClassGeneratedBy '/Game/FirstPersonBP/Maps/FirstPersonExampleMap.FirstPersonExampleMap:PersistentLevel.FirstPersonExampleMap'
[2016.07.18-14.19.23:514][343]BlueprintLog: New page: Pre-Play auto-recompile
[2016.07.18-14.19.23:533][343]LogActorComponent: UnregisterComponent: (/Engine/Transient.ProjectileMovementComponent_40__A6522401) Not registered. Aborting.
[2016.07.18-14.19.23:533][343]LogActorComponent: UnregisterComponent: (/Engine/Transient.CharMoveComp) Not registered. Aborting.
[2016.07.18-14.19.23:557][343]LogPlayLevel: [PlayLevel] Compiling FirstPersonCharacter before play...
[2016.07.18-14.19.23:843][343]LogPlayLevel: PlayLevel: Blueprint regeneration took 329 ms (1 blueprints)
[2016.07.18-14.19.23:937][343]PIE: New page: PIE session: FirstPersonExampleMap (Jul 18, 2016, 5:19:23 AM)
[2016.07.18-14.19.23:937][343]LogPlayLevel: Creating play world package: /Game/FirstPersonBP/Maps/UEDPIE_0_FirstPersonExampleMap
[2016.07.18-14.19.23:974][343]LogPlayLevel: PIE: StaticDuplicateObject took: (0.036652s)
[2016.07.18-14.19.23:975][343]LogAIModule: Creating AISystem for world FirstPersonExampleMap
[2016.07.18-14.19.23:975][343]LogPlayLevel: PIE: World Init took: (0.001103s)
[2016.07.18-14.19.23:975][343]LogPlayLevel: PIE: Created PIE world by copying editor world from /Game/FirstPersonBP/Maps/FirstPersonExampleMap.FirstPersonExampleMap to /Game/FirstPersonBP/Maps/UEDPIE_0_FirstPersonExampleMap.FirstPersonExampleMap (0.038027s)
[2016.07.18-14.19.24:016][343]LogInit: XAudio2 using 'Speakers (Conexant SmartAudio HD)' : 2 channels at 48 kHz using 32 bits per sample (channel mask 0x3)
[2016.07.18-14.19.24:028][343]LogInit: FAudioDevice initialized.
[2016.07.18-14.19.24:283][343]LogWorld: Game class is 'FirstPersonGameMode_C'
[2016.07.18-14.19.24:293][343]LogWorld: Bringing World /Game/FirstPersonBP/Maps/UEDPIE_0_FirstPersonExampleMap.FirstPersonExampleMap up for play (max tick rate 0) at 2016.07.18-10.19.24
[2016.07.18-14.19.24:294][343]LogWorld: Bringing up level for play took: 0.009264
[2016.07.18-14.19.24:306][343]LogContentBrowser: Native class hierarchy updated for 'MovieSceneCapture' in 0.0006 seconds. Added 9 classes and 0 folders.
[2016.07.18-14.19.24:307][343]PIE: Info Play in editor start time for /Game/FirstPersonBP/Maps/UEDPIE_0_FirstPersonExampleMap 1.261
[2016.07.18-14.19.24:307][343]LogBlueprintUserMessages: Late PlayInEditor Detection: Level '/Game/FirstPersonBP/Maps/FirstPersonExampleMap.FirstPersonExampleMap:PersistentLevel' has LevelScriptBlueprint '/Game/FirstPersonBP/Maps/FirstPersonExampleMap.FirstPersonExampleMap:PersistentLevel.FirstPersonExampleMap' with GeneratedClass '/Game/FirstPersonBP/Maps/FirstPersonExampleMap.FirstPersonExampleMap_C' with ClassGeneratedBy '/Game/FirstPersonBP/Maps/FirstPersonExampleMap.FirstPersonExampleMap:PersistentLevel.FirstPersonExampleMap'
[2016.07.18-14.19.30:094][508]LogBlueprintUserMessages: Early EndPlayMap Detection: Level '/Game/FirstPersonBP/Maps/FirstPersonExampleMap.FirstPersonExampleMap:PersistentLevel' has LevelScriptBlueprint '/Game/FirstPersonBP/Maps/FirstPersonExampleMap.FirstPersonExampleMap:PersistentLevel.FirstPersonExampleMap' with GeneratedClass '/Game/FirstPersonBP/Maps/FirstPersonExampleMap.FirstPersonExampleMap_C' with ClassGeneratedBy '/Game/FirstPersonBP/Maps/FirstPersonExampleMap.FirstPersonExampleMap:PersistentLevel.FirstPersonExampleMap'
[2016.07.18-14.19.30:190][508]LogBlueprintUserMessages: Late EndPlayMap Detection: Level '/Game/FirstPersonBP/Maps/FirstPersonExampleMap.FirstPersonExampleMap:PersistentLevel' has LevelScriptBlueprint '/Game/FirstPersonBP/Maps/FirstPersonExampleMap.FirstPersonExampleMap:PersistentLevel.FirstPersonExampleMap' with GeneratedClass '/Game/FirstPersonBP/Maps/FirstPersonExampleMap.FirstPersonExampleMap_C' with ClassGeneratedBy '/Game/FirstPersonBP/Maps/FirstPersonExampleMap.FirstPersonExampleMap:PersistentLevel.FirstPersonExampleMap'
[2016.07.18-14.19.30:190][508]LogActorComponent: UnregisterComponent: (/Engine/Transient.CharMoveComp) Not registered. Aborting.
[2016.07.18-14.19.33:078][571]LogRenderer: Reallocating scene render targets to support 856x588 (Frame:1589).
[2016.07.18-14.19.40:965][738]LogBlueprintUserMessages: Early PlayInEditor Detection: Level '/Game/FirstPersonBP/Maps/FirstPersonExampleMap.FirstPersonExampleMap:PersistentLevel' has LevelScriptBlueprint '/Game/FirstPersonBP/Maps/FirstPersonExampleMap.FirstPersonExampleMap:PersistentLevel.FirstPersonExampleMap' with GeneratedClass '/Game/FirstPersonBP/Maps/FirstPersonExampleMap.FirstPersonExampleMap_C' with ClassGeneratedBy '/Game/FirstPersonBP/Maps/FirstPersonExampleMap.FirstPersonExampleMap:PersistentLevel.FirstPersonExampleMap'
[2016.07.18-14.19.40:966][738]LogPlayLevel: PlayLevel: No blueprints needed recompiling
[2016.07.18-14.19.40:966][738]PIE: New page: PIE session: FirstPersonExampleMap (Jul 18, 2016, 5:19:40 AM)
[2016.07.18-14.19.40:966][738]LogPlayLevel: Creating play world package: /Game/FirstPersonBP/Maps/UEDPIE_0_FirstPersonExampleMap
[2016.07.18-14.19.41:028][738]LogPlayLevel: PIE: StaticDuplicateObject took: (0.061775s)
[2016.07.18-14.19.41:029][738]LogAIModule: Creating AISystem for world FirstPersonExampleMap
[2016.07.18-14.19.41:029][738]LogPlayLevel: PIE: World Init took: (0.001475s)
[2016.07.18-14.19.41:030][738]LogPlayLevel: PIE: Created PIE world by copying editor world from /Game/FirstPersonBP/Maps/FirstPersonExampleMap.FirstPersonExampleMap to /Game/FirstPersonBP/Maps/UEDPIE_0_FirstPersonExampleMap.FirstPersonExampleMap (0.063664s)
[2016.07.18-14.19.41:078][738]LogInit: XAudio2 using 'Speakers (Conexant SmartAudio HD)' : 2 channels at 48 kHz using 32 bits per sample (channel mask 0x3)
[2016.07.18-14.19.41:094][738]LogInit: FAudioDevice initialized.
[2016.07.18-14.19.41:140][738]LogWorld: Game class is 'FirstPersonGameMode_C'
[2016.07.18-14.19.41:148][738]LogWorld: Bringing World /Game/FirstPersonBP/Maps/UEDPIE_0_FirstPersonExampleMap.FirstPersonExampleMap up for play (max tick rate 0) at 2016.07.18-10.19.41
[2016.07.18-14.19.41:149][738]LogWorld: Bringing up level for play took: 0.008206
[2016.07.18-14.19.41:151][738]PIE: Info Play in editor start time for /Game/FirstPersonBP/Maps/UEDPIE_0_FirstPersonExampleMap 0.105
[2016.07.18-14.19.41:151][738]LogBlueprintUserMessages: Late PlayInEditor Detection: Level '/Game/FirstPersonBP/Maps/FirstPersonExampleMap.FirstPersonExampleMap:PersistentLevel' has LevelScriptBlueprint '/Game/FirstPersonBP/Maps/FirstPersonExampleMap.FirstPersonExampleMap:PersistentLevel.FirstPersonExampleMap' with GeneratedClass '/Game/FirstPersonBP/Maps/FirstPersonExampleMap.FirstPersonExampleMap_C' with ClassGeneratedBy '/Game/FirstPersonBP/Maps/FirstPersonExampleMap.FirstPersonExampleMap:PersistentLevel.FirstPersonExampleMap'
[2016.07.18-14.19.48:911][987]LogBlueprintUserMessages: Early EndPlayMap Detection: Level '/Game/FirstPersonBP/Maps/FirstPersonExampleMap.FirstPersonExampleMap:PersistentLevel' has LevelScriptBlueprint '/Game/FirstPersonBP/Maps/FirstPersonExampleMap.FirstPersonExampleMap:PersistentLevel.FirstPersonExampleMap' with GeneratedClass '/Game/FirstPersonBP/Maps/FirstPersonExampleMap.FirstPersonExampleMap_C' with ClassGeneratedBy '/Game/FirstPersonBP/Maps/FirstPersonExampleMap.FirstPersonExampleMap:PersistentLevel.FirstPersonExampleMap'
[2016.07.18-14.19.48:998][987]LogBlueprintUserMessages: Late EndPlayMap Detection: Level '/Game/FirstPersonBP/Maps/FirstPersonExampleMap.FirstPersonExampleMap:PersistentLevel' has LevelScriptBlueprint '/Game/FirstPersonBP/Maps/FirstPersonExampleMap.FirstPersonExampleMap:PersistentLevel.FirstPersonExampleMap' with GeneratedClass '/Game/FirstPersonBP/Maps/FirstPersonExampleMap.FirstPersonExampleMap_C' with ClassGeneratedBy '/Game/FirstPersonBP/Maps/FirstPersonExampleMap.FirstPersonExampleMap:PersistentLevel.FirstPersonExampleMap'
[2016.07.18-14.20.24:319][769]LogBlueprintUserMessages: Early PlayInEditor Detection: Level '/Game/FirstPersonBP/Maps/FirstPersonExampleMap.FirstPersonExampleMap:PersistentLevel' has LevelScriptBlueprint '/Game/FirstPersonBP/Maps/FirstPersonExampleMap.FirstPersonExampleMap:PersistentLevel.FirstPersonExampleMap' with GeneratedClass '/Game/FirstPersonBP/Maps/FirstPersonExampleMap.FirstPersonExampleMap_C' with ClassGeneratedBy '/Game/FirstPersonBP/Maps/FirstPersonExampleMap.FirstPersonExampleMap:PersistentLevel.FirstPersonExampleMap'
[2016.07.18-14.20.24:319][769]BlueprintLog: New page: Pre-Play auto-recompile
[2016.07.18-14.20.24:332][769]LogActorComponent: UnregisterComponent: (/Engine/Transient.ProjectileMovementComponent_40__A6522401) Not registered. Aborting.
[2016.07.18-14.20.24:332][769]LogActorComponent: UnregisterComponent: (/Engine/Transient.CharMoveComp) Not registered. Aborting.
[2016.07.18-14.20.24:366][769]LogPlayLevel: [PlayLevel] Compiling FirstPersonCharacter before play...
[2016.07.18-14.20.24:492][769]LogPlayLevel: PlayLevel: Blueprint regeneration took 173 ms (1 blueprints)
[2016.07.18-14.20.24:531][769]PIE: New page: PIE session: FirstPersonExampleMap (Jul 18, 2016, 5:20:24 AM)
[2016.07.18-14.20.24:531][769]LogPlayLevel: Creating play world package: /Game/FirstPersonBP/Maps/UEDPIE_0_FirstPersonExampleMap
[2016.07.18-14.20.24:559][769]LogPlayLevel: PIE: StaticDuplicateObject took: (0.027711s)
[2016.07.18-14.20.24:560][769]LogAIModule: Creating AISystem for world FirstPersonExampleMap
[2016.07.18-14.20.24:560][769]LogPlayLevel: PIE: World Init took: (0.000896s)
[2016.07.18-14.20.24:560][769]LogPlayLevel: PIE: Created PIE world by copying editor world from /Game/FirstPersonBP/Maps/FirstPersonExampleMap.FirstPersonExampleMap to /Game/FirstPersonBP/Maps/UEDPIE_0_FirstPersonExampleMap.FirstPersonExampleMap (0.029009s)
[2016.07.18-14.20.24:599][769]LogInit: XAudio2 using 'Speakers (Conexant SmartAudio HD)' : 2 channels at 48 kHz using 32 bits per sample (channel mask 0x3)
[2016.07.18-14.20.24:610][769]LogInit: FAudioDevice initialized.
[2016.07.18-14.20.24:646][769]LogWorld: Game class is 'FirstPersonGameMode_C'
[2016.07.18-14.20.24:652][769]LogWorld: Bringing World /Game/FirstPersonBP/Maps/UEDPIE_0_FirstPersonExampleMap.FirstPersonExampleMap up for play (max tick rate 0) at 2016.07.18-10.20.24
[2016.07.18-14.20.24:653][769]LogWorld: Bringing up level for play took: 0.006550
[2016.07.18-14.20.24:655][769]PIE: Info Play in editor start time for /Game/FirstPersonBP/Maps/UEDPIE_0_FirstPersonExampleMap -0.391
[2016.07.18-14.20.24:655][769]LogBlueprintUserMessages: Late PlayInEditor Detection: Level '/Game/FirstPersonBP/Maps/FirstPersonExampleMap.FirstPersonExampleMap:PersistentLevel' has LevelScriptBlueprint '/Game/FirstPersonBP/Maps/FirstPersonExampleMap.FirstPersonExampleMap:PersistentLevel.FirstPersonExampleMap' with GeneratedClass '/Game/FirstPersonBP/Maps/FirstPersonExampleMap.FirstPersonExampleMap_C' with ClassGeneratedBy '/Game/FirstPersonBP/Maps/FirstPersonExampleMap.FirstPersonExampleMap:PersistentLevel.FirstPersonExampleMap'
[2016.07.18-14.20.48:806][472]LogBlueprintUserMessages: Early EndPlayMap Detection: Level '/Game/FirstPersonBP/Maps/FirstPersonExampleMap.FirstPersonExampleMap:PersistentLevel' has LevelScriptBlueprint '/Game/FirstPersonBP/Maps/FirstPersonExampleMap.FirstPersonExampleMap:PersistentLevel.FirstPersonExampleMap' with GeneratedClass '/Game/FirstPersonBP/Maps/FirstPersonExampleMap.FirstPersonExampleMap_C' with ClassGeneratedBy '/Game/FirstPersonBP/Maps/FirstPersonExampleMap.FirstPersonExampleMap:PersistentLevel.FirstPersonExampleMap'
[2016.07.18-14.20.48:894][472]LogBlueprintUserMessages: Late EndPlayMap Detection: Level '/Game/FirstPersonBP/Maps/FirstPersonExampleMap.FirstPersonExampleMap:PersistentLevel' has LevelScriptBlueprint '/Game/FirstPersonBP/Maps/FirstPersonExampleMap.FirstPersonExampleMap:PersistentLevel.FirstPersonExampleMap' with GeneratedClass '/Game/FirstPersonBP/Maps/FirstPersonExampleMap.FirstPersonExampleMap_C' with ClassGeneratedBy '/Game/FirstPersonBP/Maps/FirstPersonExampleMap.FirstPersonExampleMap:PersistentLevel.FirstPersonExampleMap'
[2016.07.18-14.20.48:894][472]LogActorComponent: UnregisterComponent: (/Engine/Transient.CharMoveComp) Not registered. Aborting.
[2016.07.18-14.20.51:342][520]LogEditorViewport: Clicking on Actor (LMB): StaticMeshActor (Floor)
[2016.07.18-14.20.54:709][567]LogBlueprintUserMessages: Early PlayInEditor Detection: Level '/Game/FirstPersonBP/Maps/FirstPersonExampleMap.FirstPersonExampleMap:PersistentLevel' has LevelScriptBlueprint '/Game/FirstPersonBP/Maps/FirstPersonExampleMap.FirstPersonExampleMap:PersistentLevel.FirstPersonExampleMap' with GeneratedClass '/Game/FirstPersonBP/Maps/FirstPersonExampleMap.FirstPersonExampleMap_C' with ClassGeneratedBy '/Game/FirstPersonBP/Maps/FirstPersonExampleMap.FirstPersonExampleMap:PersistentLevel.FirstPersonExampleMap'
[2016.07.18-14.20.54:709][567]LogPlayLevel: PlayLevel: No blueprints needed recompiling
[2016.07.18-14.20.54:709][567]PIE: New page: PIE session: FirstPersonExampleMap (Jul 18, 2016, 5:20:54 AM)
[2016.07.18-14.20.54:709][567]LogPlayLevel: Creating play world package: /Game/FirstPersonBP/Maps/UEDPIE_0_FirstPersonExampleMap
[2016.07.18-14.20.54:764][567]LogPlayLevel: PIE: StaticDuplicateObject took: (0.054909s)
[2016.07.18-14.20.54:767][567]LogAIModule: Creating AISystem for world FirstPersonExampleMap
[2016.07.18-14.20.54:767][567]LogPlayLevel: PIE: World Init took: (0.002792s)
[2016.07.18-14.20.54:768][567]LogPlayLevel: PIE: Created PIE world by copying editor world from /Game/FirstPersonBP/Maps/FirstPersonExampleMap.FirstPersonExampleMap to /Game/FirstPersonBP/Maps/UEDPIE_0_FirstPersonExampleMap.FirstPersonExampleMap (0.058235s)
[2016.07.18-14.20.54:768][567]LogActorComponent: UnregisterComponent: (/Engine/Transient.ProjectileMovementComponent_40__A6522401) Not registered. Aborting.
[2016.07.18-14.20.54:768][567]LogActorComponent: UnregisterComponent: (/Engine/Transient.CharMoveComp) Not registered. Aborting.
[2016.07.18-14.20.54:850][567]LogInit: XAudio2 using 'Speakers (Conexant SmartAudio HD)' : 2 channels at 48 kHz using 32 bits per sample (channel mask 0x3)
[2016.07.18-14.20.54:863][567]LogInit: FAudioDevice initialized.
[2016.07.18-14.20.54:895][567]LogWorld: Game class is 'FirstPersonGameMode_C'
[2016.07.18-14.20.54:902][567]LogWorld: Bringing World /Game/FirstPersonBP/Maps/UEDPIE_0_FirstPersonExampleMap.FirstPersonExampleMap up for play (max tick rate 0) at 2016.07.18-10.20.54
[2016.07.18-14.20.54:903][567]LogWorld: Bringing up level for play took: 0.007637
[2016.07.18-14.20.54:905][567]PIE: Info Play in editor start time for /Game/FirstPersonBP/Maps/UEDPIE_0_FirstPersonExampleMap -0.141
[2016.07.18-14.20.54:905][567]LogBlueprintUserMessages: Late PlayInEditor Detection: Level '/Game/FirstPersonBP/Maps/FirstPersonExampleMap.FirstPersonExampleMap:PersistentLevel' has LevelScriptBlueprint '/Game/FirstPersonBP/Maps/FirstPersonExampleMap.FirstPersonExampleMap:PersistentLevel.FirstPersonExampleMap' with GeneratedClass '/Game/FirstPersonBP/Maps/FirstPersonExampleMap.FirstPersonExampleMap_C' with ClassGeneratedBy '/Game/FirstPersonBP/Maps/FirstPersonExampleMap.FirstPersonExampleMap:PersistentLevel.FirstPersonExampleMap'
[2016.07.18-14.21.24:553][532]LogBlueprintUserMessages: Early EndPlayMap Detection: Level '/Game/FirstPersonBP/Maps/FirstPersonExampleMap.FirstPersonExampleMap:PersistentLevel' has LevelScriptBlueprint '/Game/FirstPersonBP/Maps/FirstPersonExampleMap.FirstPersonExampleMap:PersistentLevel.FirstPersonExampleMap' with GeneratedClass '/Game/FirstPersonBP/Maps/FirstPersonExampleMap.FirstPersonExampleMap_C' with ClassGeneratedBy '/Game/FirstPersonBP/Maps/FirstPersonExampleMap.FirstPersonExampleMap:PersistentLevel.FirstPersonExampleMap'
[2016.07.18-14.21.24:637][532]LogBlueprintUserMessages: Late EndPlayMap Detection: Level '/Game/FirstPersonBP/Maps/FirstPersonExampleMap.FirstPersonExampleMap:PersistentLevel' has LevelScriptBlueprint '/Game/FirstPersonBP/Maps/FirstPersonExampleMap.FirstPersonExampleMap:PersistentLevel.FirstPersonExampleMap' with GeneratedClass '/Game/FirstPersonBP/Maps/FirstPersonExampleMap.FirstPersonExampleMap_C' with ClassGeneratedBy '/Game/FirstPersonBP/Maps/FirstPersonExampleMap.FirstPersonExampleMap:PersistentLevel.FirstPersonExampleMap'
[2016.07.18-14.29.02:249][566]LogActorComponent: UnregisterComponent: (/Engine/Transient.ProjectileMovementComponent_40__A6522401) Not registered. Aborting.
[2016.07.18-14.29.02:249][566]LogActorComponent: UnregisterComponent: (/Engine/Transient.CharMoveComp) Not registered. Aborting.
[2016.07.18-14.29.09:081][566]LogSavePackage: Save=6337.96ms
[2016.07.18-14.29.09:081][566]LogSavePackage: Moving '../../../../../../Users/Andrew's Laptop/Documents/Unreal Projects/MyProject/Saved/FirstPersonExampleMap_Auto1514B76FD4F6A69154308C8BD57DF1DA7.tmp' to '../../../../../../Users/Andrew's Laptop/Documents/Unreal Projects/MyProject/Saved/Autosaves/Game/FirstPersonBP/Maps/FirstPersonExampleMap_Auto1.umap'
[2016.07.18-14.29.09:104][566]LogSavePackage: Total save time: 6646.51ms
[2016.07.18-14.29.09:104][566]LogSavePackage:Display: Finished SavePackage ../../../../../../Users/Andrew's Laptop/Documents/Unreal Projects/MyProject/Saved/Autosaves/Game/FirstPersonBP/Maps/FirstPersonExampleMap_Auto1.umap
[2016.07.18-14.29.09:112][566]LogFileHelpers: Editor autosave (incl. sublevels) for '/Game/FirstPersonBP/Maps/FirstPersonExampleMap' took 6.858
[2016.07.18-14.29.09:112][566]LogFileHelpers: Editor autosave (incl. sublevels) for all levels took 6.858
[2016.07.18-14.29.09:124][566]OBJ SavePackage: Generating thumbnails for [1] asset(s) in package [/Game/FirstPersonBP/Blueprints/FirstPersonCharacter] ([1] browsable assets)...
[2016.07.18-14.29.09:330][566]OBJ SavePackage:     Rendered thumbnail for [Blueprint /Game/FirstPersonBP/Blueprints/FirstPersonCharacter.FirstPersonCharacter]
[2016.07.18-14.29.09:330][566]OBJ SavePackage: Finished generating thumbnails for package [/Game/FirstPersonBP/Blueprints/FirstPersonCharacter]
[2016.07.18-14.29.09:552][566]LogSavePackage: Save=210.22ms
[2016.07.18-14.29.09:552][566]LogSavePackage: Moving '../../../../../../Users/Andrew's Laptop/Documents/Unreal Projects/MyProject/Saved/FirstPersonCharacter_Auto1ABCBF7504F786BC99A90908B06BFB01E.tmp' to '../../../../../../Users/Andrew's Laptop/Documents/Unreal Projects/MyProject/Saved/Autosaves/Game/FirstPersonBP/Blueprints/FirstPersonCharacter_Auto1.uasset'
[2016.07.18-14.29.09:569][566]LogSavePackage: Total save time: 234.45ms
[2016.07.18-14.29.09:569][566]LogSavePackage:Display: Finished SavePackage ../../../../../../Users/Andrew's Laptop/Documents/Unreal Projects/MyProject/Saved/Autosaves/Game/FirstPersonBP/Blueprints/FirstPersonCharacter_Auto1.uasset
[2016.07.18-14.29.09:570][566]LogFileHelpers: Auto-saving content packages took 0.453
[2016.07.18-14.56.23:024][195]LogD3D11RHI: Timed out while waiting for GPU to catch up. (500 ms)
[2016.07.18-17.48.01:160][372]LogSynthBenchmark:Display: FSynthBenchmark (V0.95):  requested WorkScale=1.00
[2016.07.18-17.48.01:161][372]LogSynthBenchmark:Display: ===============
[2016.07.18-17.48.01:161][372]LogSynthBenchmark:Display: Main Processor:
[2016.07.18-17.48.01:241][372]LogSynthBenchmark:Display:          ... 0.051179 s/Run 'RayIntersect'
[2016.07.18-17.48.01:241][372]LogSynthBenchmark:Display:          ... 0.029241 s/Run 'Fractal'
[2016.07.18-17.48.01:241][372]LogSynthBenchmark:Display: 
[2016.07.18-17.48.01:241][372]LogSynthBenchmark:Display:   CompiledTarget_x_Bits: 64
[2016.07.18-17.48.01:241][372]LogSynthBenchmark:Display:   UE_BUILD_SHIPPING: 0
[2016.07.18-17.48.01:241][372]LogSynthBenchmark:Display:   UE_BUILD_TEST: 0
[2016.07.18-17.48.01:241][372]LogSynthBenchmark:Display:   UE_BUILD_DEBUG: 0
[2016.07.18-17.48.01:241][372]LogSynthBenchmark:Display:   TotalPhysicalGBRam: 6
[2016.07.18-17.48.01:241][372]LogSynthBenchmark:Display:   NumberOfCores (physical): 2
[2016.07.18-17.48.01:241][372]LogSynthBenchmark:Display:   NumberOfCores (logical): 4
[2016.07.18-17.48.01:241][372]LogSynthBenchmark:Display:   CPU Perf Index 0: 50.0 (weight 1.00)
[2016.07.18-17.48.01:241][372]LogSynthBenchmark:Display:   CPU Perf Index 1: 97.8 (weight 1.50)
[2016.07.18-17.48.01:241][372]LogSynthBenchmark:Display:  
[2016.07.18-17.48.01:241][372]LogSynthBenchmark:Display: Graphics:
[2016.07.18-17.48.01:241][372]LogSynthBenchmark:Display:   Adapter Name: 'Intel(R) HD Graphics 5500'
[2016.07.18-17.48.01:241][372]LogSynthBenchmark:Display:   (On Optimus the name might be wrong, memory should be ok)
[2016.07.18-17.48.01:241][372]LogSynthBenchmark:Display:   Vendor Id: 0x8086
[2016.07.18-17.48.01:241][372]LogSynthBenchmark:Display:   GPU Memory: 128/0/3030 MB
[2016.07.18-17.48.01:405][372]LogSynthBenchmark:Display:   GPU first test: 0.02s
[2016.07.18-17.48.01:405][372]LogSynthBenchmark:Display:          ... 0.534 GigaPix/s, Confidence=100% 'ALUHeavyNoise' (likely to be very inaccurate)
[2016.07.18-17.48.01:405][372]LogSynthBenchmark:Display:          ... 0.458 GigaPix/s, Confidence=100% 'TexHeavy' (likely to be very inaccurate)
[2016.07.18-17.48.01:405][372]LogSynthBenchmark:Display:          ... 0.408 GigaPix/s, Confidence=100% 'DepTexHeavy' (likely to be very inaccurate)
[2016.07.18-17.48.01:405][372]LogSynthBenchmark:Display:          ... 1.341 GigaPix/s, Confidence=100% 'FillOnly' (likely to be very inaccurate)
[2016.07.18-17.48.01:405][372]LogSynthBenchmark:Display:          ... 0.128 GigaPix/s, Confidence=89% 'Bandwidth' (likely to be very inaccurate)
[2016.07.18-17.48.01:526][372]LogSynthBenchmark:Display:   GPU second test: 0.10s
[2016.07.18-17.48.01:526][372]LogSynthBenchmark:Display:          ... 0.793 GigaPix/s, Confidence=100% 'ALUHeavyNoise' (likely to be inaccurate)
[2016.07.18-17.48.01:526][372]LogSynthBenchmark:Display:          ... 0.616 GigaPix/s, Confidence=100% 'TexHeavy' (likely to be inaccurate)
[2016.07.18-17.48.01:526][372]LogSynthBenchmark:Display:          ... 0.494 GigaPix/s, Confidence=100% 'DepTexHeavy' (likely to be inaccurate)
[2016.07.18-17.48.01:526][372]LogSynthBenchmark:Display:          ... 3.442 GigaPix/s, Confidence=100% 'FillOnly' (likely to be inaccurate)
[2016.07.18-17.48.01:526][372]LogSynthBenchmark:Display:          ... 0.142 GigaPix/s, Confidence=100% 'Bandwidth' (likely to be inaccurate)
[2016.07.18-17.48.01:526][372]LogSynthBenchmark:Display:          ... 0.793 GigaPix/s, Confidence=100% 'ALUHeavyNoise'
[2016.07.18-17.48.01:526][372]LogSynthBenchmark:Display:          ... 0.616 GigaPix/s, Confidence=100% 'TexHeavy'
[2016.07.18-17.48.01:526][372]LogSynthBenchmark:Display:          ... 0.494 GigaPix/s, Confidence=100% 'DepTexHeavy'
[2016.07.18-17.48.01:526][372]LogSynthBenchmark:Display:          ... 3.442 GigaPix/s, Confidence=100% 'FillOnly'
[2016.07.18-17.48.01:526][372]LogSynthBenchmark:Display:          ... 0.142 GigaPix/s, Confidence=100% 'Bandwidth'
[2016.07.18-17.48.01:526][372]LogSynthBenchmark:Display: 
[2016.07.18-17.48.01:526][372]LogSynthBenchmark:Display:   GPU Perf Index 0: 17.2 (weight 1.00)
[2016.07.18-17.48.01:526][372]LogSynthBenchmark:Display:   GPU Perf Index 1: 8.3 (weight 0.10)
[2016.07.18-17.48.01:526][372]LogSynthBenchmark:Display:   GPU Perf Index 2: 12.8 (weight 0.10)
[2016.07.18-17.48.01:526][372]LogSynthBenchmark:Display:   GPU Perf Index 3: 13.5 (weight 3.00)
[2016.07.18-17.48.01:526][372]LogSynthBenchmark:Display:   GPU Perf Index 4: 13.2 (weight 1.00)
[2016.07.18-17.48.01:526][372]LogSynthBenchmark:Display:   CPUIndex: 78.7
[2016.07.18-17.48.01:526][372]LogSynthBenchmark:Display:   GPUIndex: 14.1
[2016.07.18-17.48.01:526][372]LogSynthBenchmark:Display: 
[2016.07.18-17.48.01:526][372]LogSynthBenchmark:Display:          ... Total Time: 0.366149 sec
[2016.07.18-17.48.03:050][374]LogRenderer: Reallocating scene render targets to support 856x588 (Frame:10405).
[2016.07.18-17.48.03:375][374]LogContentStreaming: Texture pool size now 200 MB
[2016.07.18-17.59.45:678][564]LogActorComponent: UnregisterComponent: (/Engine/Transient.CharMoveComp) Not registered. Aborting.
[2016.07.18-17.59.45:679][564]LogActorComponent: UnregisterComponent: (/Engine/Transient.ProjectileMovementComponent_40__A6522401) Not registered. Aborting.
[2016.07.18-17.59.54:572][564]LogSavePackage: Save=639.72ms
[2016.07.18-17.59.54:572][564]LogSavePackage: Moving '../../../../../../Users/Andrew's Laptop/Documents/Unreal Projects/MyProject/Saved/FirstPersonCharacter8425607F4E43C4A0E0F9B39AAF922B99.tmp' to '../../../../../../Users/Andrew's Laptop/Documents/Unreal Projects/MyProject/Content/FirstPersonBP/Blueprints/FirstPersonCharacter.uasset'
[2016.07.18-17.59.54:621][564]LogSavePackage: Total save time: 1619.95ms
[2016.07.18-17.59.54:621][564]LogSavePackage:Display: Finished SavePackage ../../../../../../Users/Andrew's Laptop/Documents/Unreal Projects/MyProject/Content/FirstPersonBP/Blueprints/FirstPersonCharacter.uasset
[2016.07.18-18.00.02:248][564]LogSavePackage: Save=6554.92ms
[2016.07.18-18.00.02:248][564]LogSavePackage: Moving '../../../../../../Users/Andrew's Laptop/Documents/Unreal Projects/MyProject/Saved/FirstPersonExampleMap5943CECD4AE957F8529EC0B51C012CD8.tmp' to '../../../../../../Users/Andrew's Laptop/Documents/Unreal Projects/MyProject/Content/FirstPersonBP/Maps/FirstPersonExampleMap.umap'
[2016.07.18-18.00.02:275][564]LogSavePackage: Total save time: 6833.45ms
[2016.07.18-18.00.02:275][564]LogSavePackage:Display: Finished SavePackage ../../../../../../Users/Andrew's Laptop/Documents/Unreal Projects/MyProject/Content/FirstPersonBP/Maps/FirstPersonExampleMap.umap
[2016.07.18-18.00.02:351][564]LogFileHelpers: Saving map 'FirstPersonExampleMap' took 7.703
[2016.07.18-18.00.02:651][564]LogWindowsTextInputMethodSystem:Display: IME system now deactivated.
[2016.07.18-18.00.02:652][564]LogWindowsTextInputMethodSystem:Display: IME system now deactivated.
[2016.07.18-18.00.03:393][565]Cmd: QUIT_EDITOR
[2016.07.18-18.00.05:047][565]LogExit: Preparing to exit.
[2016.07.18-18.00.06:922][565]LogExit: Editor shut down
[2016.07.18-18.00.06:924][565]LogExit: Transaction tracking system shut down
[2016.07.18-18.00.09:366][565]LogObj: Freed 0b from 0 cluster array pools.
[2016.07.18-18.00.09:368][565]LogExit: Object subsystem successfully closed.
[2016.07.18-18.00.09:678][565]LogD3D11RHI: Shutdown
[2016.07.18-18.00.09:678][565]LogD3D11RHI: CleanupD3DDevice
[2016.07.18-18.00.09:905][565]LogD3D11RHI: ~FD3D11DynamicRHI
[2016.07.18-18.00.10:065][565]LogDerivedDataCache: Shutdown
[2016.07.18-18.00.10:968][565]LogModuleManager: Shutting down and abandoning module SynthBenchmark (207)
[2016.07.18-18.00.10:980][565]LogModuleManager: Shutting down and abandoning module MovieSceneCapture (206)
[2016.07.18-18.00.10:988][565]LogModuleManager: Shutting down and abandoning module BlueprintGraph (205)
[2016.07.18-18.00.10:988][565]LogModuleManager: Shutting down and abandoning module HierarchicalLODOutliner (204)
[2016.07.18-18.00.10:994][565]LogModuleManager: Shutting down and abandoning module CrashTracker (203)
[2016.07.18-18.00.10:994][565]LogModuleManager: Shutting down and abandoning module SceneOutliner (202)
[2016.07.18-18.00.11:001][565]LogModuleManager: Shutting down and abandoning module SuperSearch (201)
[2016.07.18-18.00.11:001][565]LogModuleManager: Shutting down and abandoning module WidgetCarousel (200)
[2016.07.18-18.00.11:001][565]LogModuleManager: Shutting down and abandoning module AddContentDialog (199)
[2016.07.18-18.00.11:202][565]LogModuleManager: Shutting down and abandoning module GameplayTags (198)
[2016.07.18-18.00.11:202][565]LogModuleManager: Shutting down and abandoning module EditorWidgets (197)
[2016.07.18-18.00.11:202][565]LogModuleManager: Shutting down and abandoning module CollectionManager (196)
[2016.07.18-18.00.11:329][565]LogModuleManager: Shutting down and abandoning module StatsViewer (195)
[2016.07.18-18.00.11:380][565]LogModuleManager: Shutting down and abandoning module FoliageEdit (194)
[2016.07.18-18.00.11:395][565]LogModuleManager: Shutting down and abandoning module LandscapeEditor (193)
[2016.07.18-18.00.11:432][565]LogModuleManager: Shutting down and abandoning module ActorPickerMode (192)
[2016.07.18-18.00.11:432][565]LogModuleManager: Shutting down and abandoning module GeometryMode (191)
[2016.07.18-18.00.11:432][565]LogModuleManager: Shutting down and abandoning module TextureAlignMode (190)
[2016.07.18-18.00.11:432][565]LogModuleManager: Shutting down and abandoning module BspMode (189)
[2016.07.18-18.00.11:432][565]LogModuleManager: Shutting down and abandoning module PlacementMode (188)
[2016.07.18-18.00.11:432][565]LogModuleManager: Shutting down and abandoning module AutomationWorker (187)
[2016.07.18-18.00.11:432][565]LogModuleManager: Shutting down and abandoning module CharacterAI (186)
[2016.07.18-18.00.11:432][565]LogModuleManager: Shutting down and abandoning module SmartSnapping (185)
[2016.07.18-18.00.11:432][565]LogModuleManager: Shutting down and abandoning module ViewportSnapping (184)
[2016.07.18-18.00.11:432][565]LogModuleManager: Shutting down and abandoning module LogVisualizer (183)
[2016.07.18-18.00.11:487][565]LogModuleManager: Shutting down and abandoning module GameProjectGeneration (182)
[2016.07.18-18.00.11:515][565]LogModuleManager: Shutting down and abandoning module IntroTutorials (181)
[2016.07.18-18.00.11:554][565]LogModuleManager: Shutting down and abandoning module EditorLiveStreaming (180)
[2016.07.18-18.00.11:554][565]LogModuleManager: Shutting down and abandoning module IOSPlatformEditor (179)
[2016.07.18-18.00.11:572][565]LogModuleManager: Shutting down and abandoning module HTML5PlatformEditor (178)
[2016.07.18-18.00.11:572][565]LogModuleManager: Shutting down and abandoning module AndroidDeviceDetection (177)
[2016.07.18-18.00.11:594][565]LogModuleManager: Shutting down and abandoning module AndroidPlatformEditor (176)
[2016.07.18-18.00.11:595][565]LogModuleManager: Shutting down and abandoning module IOSRuntimeSettings (175)
[2016.07.18-18.00.11:595][565]LogModuleManager: Shutting down and abandoning module AndroidRuntimeSettings (174)
[2016.07.18-18.00.11:595][565]LogModuleManager: Shutting down and abandoning module MergeActors (173)
[2016.07.18-18.00.11:616][565]LogModuleManager: Shutting down and abandoning module SizeMap (172)
[2016.07.18-18.00.11:628][565]LogModuleManager: Shutting down and abandoning module TreeMap (171)
[2016.07.18-18.00.11:639][565]LogModuleManager: Shutting down and abandoning module ReferenceViewer (170)
[2016.07.18-18.00.11:645][565]LogModuleManager: Shutting down and abandoning module LocalizationService (169)
[2016.07.18-18.00.11:657][565]LogModuleManager: Shutting down and abandoning module LocalizationDashboard (168)
[2016.07.18-18.00.11:662][565]LogModuleManager: Shutting down and abandoning module HardwareTargeting (167)
[2016.07.18-18.00.11:662][565]LogModuleManager: Shutting down and abandoning module DeviceProfileEditor (166)
[2016.07.18-18.00.11:678][565]LogModuleManager: Shutting down and abandoning module UndoHistory (165)
[2016.07.18-18.00.11:682][565]LogModuleManager: Shutting down and abandoning module UserFeedback (164)
[2016.07.18-18.00.11:682][565]LogModuleManager: Shutting down and abandoning module XmlParser (163)
[2016.07.18-18.00.11:694][565]LogModuleManager: Shutting down and abandoning module Blutility (162)
[2016.07.18-18.00.11:699][565]LogModuleManager: Shutting down and abandoning module ProjectTargetPlatformEditor (161)
[2016.07.18-18.00.11:699][565]LogModuleManager: Shutting down and abandoning module ProjectSettingsViewer (160)
[2016.07.18-18.00.11:699][565]LogModuleManager: Shutting down and abandoning module InputBindingEditor (159)
[2016.07.18-18.00.11:725][565]LogModuleManager: Shutting down and abandoning module EditorSettingsViewer (158)
[2016.07.18-18.00.11:737][565]LogModuleManager: Shutting down and abandoning module SettingsEditor (157)
[2016.07.18-18.00.11:787][565]LogModuleManager: Shutting down and abandoning module ProjectLauncher (156)
[2016.07.18-18.00.11:845][565]LogModuleManager: Shutting down and abandoning module SessionFrontend (155)
[2016.07.18-18.00.11:863][565]LogModuleManager: Shutting down and abandoning module ProfilerClient (154)
[2016.07.18-18.00.11:887][565]LogModuleManager: Shutting down and abandoning module TargetDeviceServices (153)
[2016.07.18-18.00.11:887][565]LogModuleManager: Shutting down and abandoning module DeviceManager (152)
[2016.07.18-18.00.11:933][565]LogModuleManager: Shutting down and abandoning module AutomationController (151)
[2016.07.18-18.00.11:991][565]LogModuleManager: Shutting down and abandoning module AutomationWindow (150)
[2016.07.18-18.00.12:021][565]LogModuleManager: Shutting down and abandoning module Layers (149)
[2016.07.18-18.00.12:074][565]LogModuleManager: Shutting down and abandoning module ComponentVisualizers (148)
[2016.07.18-18.00.12:074][565]LogModuleManager: Shutting down and abandoning module DetailCustomizations (147)
[2016.07.18-18.00.12:097][565]LogModuleManager: Shutting down and abandoning module PackagesDialog (146)
[2016.07.18-18.00.12:097][565]LogModuleManager: Shutting down and abandoning module Persona (145)
[2016.07.18-18.00.12:177][565]LogModuleManager: Shutting down and abandoning module Kismet (144)
[2016.07.18-18.00.12:181][565]LogModuleManager: Shutting down and abandoning module GraphEditor (143)
[2016.07.18-18.00.12:181][565]LogModuleManager: Shutting down and abandoning module ClassViewer (142)
[2016.07.18-18.00.12:206][565]LogModuleManager: Shutting down and abandoning module Toolbox (141)
[2016.07.18-18.00.12:213][565]LogModuleManager: Shutting down and abandoning module ModuleUI (140)
[2016.07.18-18.00.12:233][565]LogModuleManager: Shutting down and abandoning module MovieSceneTools (139)
[2016.07.18-18.00.12:251][565]LogModuleManager: Shutting down and abandoning module OutputLog (138)
[2016.07.18-18.00.12:262][565]LogModuleManager: Shutting down and abandoning module GammaUI (137)
[2016.07.18-18.00.12:278][565]LogModuleManager: Shutting down and abandoning module Documentation (136)
[2016.07.18-18.00.12:425][565]LogModuleManager: Shutting down and abandoning module StreamingPauseRendering (135)
[2016.07.18-18.00.12:425][565]LogModuleManager: Shutting down and abandoning module AnalyticsET (134)
[2016.07.18-18.00.12:425][565]LogModuleManager: Shutting down and abandoning module Analytics (133)
[2016.07.18-18.00.12:425][565]LogModuleManager: Shutting down and abandoning module PortalServices (132)
[2016.07.18-18.00.12:425][565]LogModuleManager: Shutting down and abandoning module PortalRpc (131)
[2016.07.18-18.00.12:425][565]LogModuleManager: Shutting down and abandoning module MessagingRpc (130)
[2016.07.18-18.00.12:425][565]LogModuleManager: Shutting down and abandoning module AITestSuite (129)
[2016.07.18-18.00.12:429][565]LogModuleManager: Shutting down and abandoning module GameplayDebugger (128)
[2016.07.18-18.00.12:440][565]LogModuleManager: Shutting down and abandoning module AIModule (127)
[2016.07.18-18.00.12:440][565]LogModuleManager: Shutting down and abandoning module ProfilerService (126)
[2016.07.18-18.00.12:660][565]LogModuleManager: Shutting down and abandoning module TaskGraph (125)
[2016.07.18-18.00.12:824][565]LogModuleManager: Shutting down and abandoning module SlateRemote (124)
[2016.07.18-18.00.12:824][565]LogModuleManager: Shutting down and abandoning module SteamVRController (123)
[2016.07.18-18.00.12:824][565]LogModuleManager: Shutting down and abandoning module SteamVR (122)
[2016.07.18-18.00.12:824][565]LogModuleManager: Shutting down and abandoning module ProceduralMeshComponent (121)
[2016.07.18-18.00.12:824][565]LogModuleManager: Shutting down and abandoning module OculusLibrary (120)
[2016.07.18-18.00.12:824][565]LogModuleManager: Shutting down and abandoning module OculusInput (119)
[2016.07.18-18.00.12:824][565]LogModuleManager: Shutting down and abandoning module CustomMeshComponent (118)
[2016.07.18-18.00.12:824][565]LogModuleManager: Shutting down and abandoning module CableComponent (117)
[2016.07.18-18.00.12:824][565]LogModuleManager: Shutting down and abandoning module ArchVisCharacter (116)
[2016.07.18-18.00.12:824][565]LogModuleManager: Shutting down and abandoning module MediaPlayerEditor (115)
[2016.07.18-18.00.12:924][565]LogModuleManager: Shutting down and abandoning module HTML5Networking (114)
[2016.07.18-18.00.12:924][565]LogModuleManager: Shutting down and abandoning module SpeedTreeImporter (113)
[2016.07.18-18.00.12:924][565]LogModuleManager: Shutting down and abandoning module PluginBrowser (112)
[2016.07.18-18.00.12:957][565]LogModuleManager: Shutting down and abandoning module EpicSurvey (111)
[2016.07.18-18.00.12:970][565]LogModuleManager: Shutting down and abandoning module DesktopPlatform (110)
[2016.07.18-18.00.12:995][565]LogModuleManager: Shutting down and abandoning module VisualStudioSourceCodeAccess (109)
[2016.07.18-18.00.13:000][565]LogModuleManager: Shutting down and abandoning module UObjectPlugin (108)
[2016.07.18-18.00.13:001][565]LogModuleManager: Shutting down and abandoning module SubversionSourceControl (107)
[2016.07.18-18.00.13:033][565]LogModuleManager: Shutting down and abandoning module PerforceSourceControl (106)
[2016.07.18-18.00.13:072][565]LogModuleManager: Shutting down and abandoning module SourceControl (105)
[2016.07.18-18.00.13:088][565]LogModuleManager: Shutting down and abandoning module GitSourceControl (104)
[2016.07.18-18.00.13:117][565]LogModuleManager: Shutting down and abandoning module LightPropagationVolumeEditor (103)
[2016.07.18-18.00.13:117][565]LogModuleManager: Shutting down and abandoning module PaperTiledImporter (102)
[2016.07.18-18.00.13:127][565]LogModuleManager: Shutting down and abandoning module PaperSpriteSheetImporter (101)
[2016.07.18-18.00.13:127][565]LogModuleManager: Shutting down and abandoning module MeshPaint (100)
[2016.07.18-18.00.13:127][565]LogModuleManager: Shutting down and abandoning module HotReload (99)
[2016.07.18-18.00.13:160][565]LogModuleManager: Shutting down and abandoning module MainFrame (98)
[2016.07.18-18.00.13:170][565]LogModuleManager: Shutting down and abandoning module LevelEditor (97)
[2016.07.18-18.00.13:182][565]LogModuleManager: Shutting down and abandoning module DirectoryWatcher (96)
[2016.07.18-18.00.13:202][565]LogModuleManager: Shutting down and abandoning module AssetRegistry (95)
[2016.07.18-18.00.13:543][565]LogModuleManager: Shutting down and abandoning module ContentBrowser (94)
[2016.07.18-18.00.13:545][565]LogModuleManager: Shutting down and abandoning module Paper2DEditor (93)
[2016.07.18-18.00.13:564][565]LogModuleManager: Shutting down and abandoning module UdpMessaging (92)
[2016.07.18-18.00.13:664][565]LogModuleManager: Shutting down and abandoning module LightPropagationVolumeRuntime (91)
[2016.07.18-18.00.13:664][565]LogModuleManager: Shutting down and abandoning module Paper2D (90)
[2016.07.18-18.00.13:783][565]LogModuleManager: Shutting down and abandoning module WindowsMoviePlayer (89)
[2016.07.18-18.00.13:795][565]LogModuleManager: Shutting down and abandoning module Media (88)
[2016.07.18-18.00.13:795][565]LogModuleManager: Shutting down and abandoning module WmfMedia (87)
[2016.07.18-18.00.13:807][565]LogModuleManager: Shutting down and abandoning module MediaAssets (86)
[2016.07.18-18.00.13:807][565]LogModuleManager: Shutting down and abandoning module GameLiveStreaming (85)
[2016.07.18-18.00.13:807][565]LogModuleManager: Shutting down and abandoning module GameplayTagsEditor (84)
[2016.07.18-18.00.13:807][565]LogModuleManager: Shutting down and abandoning module OnlineBlueprintSupport (83)
[2016.07.18-18.00.13:807][565]LogModuleManager: Shutting down and abandoning module GameplayTasksEditor (82)
[2016.07.18-18.00.13:807][565]LogModuleManager: Shutting down and abandoning module PropertyEditor (81)
[2016.07.18-18.00.13:807][565]LogModuleManager: Shutting down and abandoning module BehaviorTreeEditor (80)
[2016.07.18-18.00.13:940][565]LogModuleManager: Shutting down and abandoning module FunctionalTesting (79)
[2016.07.18-18.00.13:940][565]LogModuleManager: Shutting down and abandoning module CollisionAnalyzer (78)
[2016.07.18-18.00.14:014][565]LogModuleManager: Shutting down and abandoning module WorkspaceMenuStructure (77)
[2016.07.18-18.00.14:014][565]LogModuleManager: Shutting down and abandoning module MessageLog (76)
[2016.07.18-18.00.14:014][565]LogModuleManager: Shutting down and abandoning module Sequencer (75)
[2016.07.18-18.00.14:037][565]LogModuleManager: Shutting down and abandoning module AssetTools (74)
[2016.07.18-18.00.14:082][565]LogModuleManager: Shutting down and abandoning module UMGEditor (73)
[2016.07.18-18.00.14:128][565]LogModuleManager: Shutting down and abandoning module UMG (72)
[2016.07.18-18.00.14:151][565]LogModuleManager: Shutting down and abandoning module SlateReflector (71)
[2016.07.18-18.00.14:179][565]LogModuleManager: Shutting down and abandoning module Slate (70)
[2016.07.18-18.00.14:180][565]LogModuleManager: Shutting down and abandoning module EditorStyle (69)
[2016.07.18-18.00.14:254][565]LogModuleManager: Shutting down and abandoning module SessionServices (68)
[2016.07.18-18.00.14:254][565]LogModuleManager: Shutting down and abandoning module SourceCodeAccess (67)
[2016.07.18-18.00.14:254][565]LogModuleManager: Shutting down and abandoning module HeadMountedDisplay (66)
[2016.07.18-18.00.14:254][565]LogModuleManager: Shutting down and abandoning module XAudio2 (65)
[2016.07.18-18.00.14:254][565]LogModuleManager: Shutting down and abandoning module Networking (63)
[2016.07.18-18.00.14:254][565]LogModuleManager: Shutting down and abandoning module Core (62)
[2016.07.18-18.00.14:254][565]LogModuleManager: Shutting down and abandoning module KismetCompiler (61)
[2016.07.18-18.00.14:267][565]LogModuleManager: Shutting down and abandoning module PhysXFormats (60)
[2016.07.18-18.00.14:276][565]LogModuleManager: Shutting down and abandoning module MeshUtilities (59)
[2016.07.18-18.00.14:308][565]LogModuleManager: Shutting down and abandoning module CookingStats (58)
[2016.07.18-18.00.14:308][565]LogModuleManager: Shutting down and abandoning module DerivedDataCache (57)
[2016.07.18-18.00.14:308][565]LogDerivedDataCache: Shutdown
[2016.07.18-18.00.14:308][565]LogModuleManager: Shutting down and abandoning module ShaderFormatOpenGL (56)
[2016.07.18-18.00.14:319][565]LogModuleManager: Shutting down and abandoning module ShaderFormatD3D (55)
[2016.07.18-18.00.14:335][565]LogModuleManager: Shutting down and abandoning module MetalShaderFormat (54)
[2016.07.18-18.00.14:347][565]LogModuleManager: Shutting down and abandoning module TextureFormatUncompressed (53)
[2016.07.18-18.00.14:347][565]LogModuleManager: Shutting down and abandoning module TextureFormatPVR (52)
[2016.07.18-18.00.14:357][565]LogModuleManager: Shutting down and abandoning module TextureFormatIntelISPCTexComp (51)
[2016.07.18-18.00.14:377][565]LogModuleManager: Shutting down and abandoning module TextureFormatDXT (50)
[2016.07.18-18.00.14:386][565]LogModuleManager: Shutting down and abandoning module ImageWrapper (49)
[2016.07.18-18.00.14:386][565]LogModuleManager: Shutting down and abandoning module TextureFormatASTC (48)
[2016.07.18-18.00.14:386][565]LogModuleManager: Shutting down and abandoning module TextureFormatAndroid (47)
[2016.07.18-18.00.14:386][565]LogModuleManager: Shutting down and abandoning module AudioFormatOpus (46)
[2016.07.18-18.00.14:402][565]LogModuleManager: Shutting down and abandoning module AudioFormatOgg (45)
[2016.07.18-18.00.14:416][565]LogModuleManager: Shutting down and abandoning module AudioFormatADPCM (44)
[2016.07.18-18.00.14:427][565]LogModuleManager: Shutting down and abandoning module LinuxTargetPlatform (43)
[2016.07.18-18.00.14:427][565]LogModuleManager: Shutting down and abandoning module LinuxServerTargetPlatform (42)
[2016.07.18-18.00.14:438][565]LogModuleManager: Shutting down and abandoning module LinuxNoEditorTargetPlatform (41)
[2016.07.18-18.00.14:445][565]LogModuleManager: Shutting down and abandoning module TVOSTargetPlatform (40)
[2016.07.18-18.00.14:445][565]LogModuleManager: Shutting down and abandoning module Messaging (39)
[2016.07.18-18.00.14:445][565]LogModuleManager: Shutting down and abandoning module IOSTargetPlatform (38)
[2016.07.18-18.00.14:445][565]LogModuleManager: Shutting down and abandoning module HTML5TargetPlatform (37)
[2016.07.18-18.00.14:445][565]LogModuleManager: Shutting down and abandoning module Android_PVRTCTargetPlatform (36)
[2016.07.18-18.00.14:446][565]LogModuleManager: Shutting down and abandoning module Android_MultiTargetPlatform (35)
[2016.07.18-18.00.14:460][565]LogModuleManager: Shutting down and abandoning module Android_ETC2TargetPlatform (34)
[2016.07.18-18.00.14:460][565]LogModuleManager: Shutting down and abandoning module Android_ETC1TargetPlatform (33)
[2016.07.18-18.00.14:460][565]LogModuleManager: Shutting down and abandoning module Android_DXTTargetPlatform (32)
[2016.07.18-18.00.14:460][565]LogModuleManager: Shutting down and abandoning module Android_ATCTargetPlatform (31)
[2016.07.18-18.00.14:460][565]LogModuleManager: Shutting down and abandoning module Android_ASTCTargetPlatform (30)
[2016.07.18-18.00.14:460][565]LogModuleManager: Shutting down and abandoning module AndroidTargetPlatform (29)
[2016.07.18-18.00.14:460][565]LogModuleManager: Shutting down and abandoning module WindowsTargetPlatform (28)
[2016.07.18-18.00.14:460][565]LogModuleManager: Shutting down and abandoning module WindowsServerTargetPlatform (27)
[2016.07.18-18.00.14:472][565]LogModuleManager: Shutting down and abandoning module WindowsNoEditorTargetPlatform (26)
[2016.07.18-18.00.14:485][565]LogModuleManager: Shutting down and abandoning module WindowsClientTargetPlatform (25)
[2016.07.18-18.00.14:498][565]LogModuleManager: Shutting down and abandoning module AllDesktopTargetPlatform (24)
[2016.07.18-18.00.14:498][565]LogModuleManager: Shutting down and abandoning module TargetPlatform (23)
[2016.07.18-18.00.14:509][565]LogModuleManager: Shutting down and abandoning module InputCore (22)
[2016.07.18-18.00.14:509][565]LogModuleManager: Shutting down and abandoning module Settings (21)
[2016.07.18-18.00.14:509][565]LogModuleManager: Shutting down and abandoning module OnlineSubsystem (19)
[2016.07.18-18.00.14:509][565]LogModuleManager: Shutting down and abandoning module HTTP (18)
[2016.07.18-18.00.16:523][565]LogModuleManager: Shutting down and abandoning module XMPP (17)
[2016.07.18-18.00.16:588][565]LogModuleManager: Shutting down and abandoning module OculusRift (16)
[2016.07.18-18.00.16:603][565]LogModuleManager: Shutting down and abandoning module ExampleDeviceProfileSelector (15)
[2016.07.18-18.00.16:603][565]LogModuleManager: Shutting down and abandoning module TextureCompressor (14)
[2016.07.18-18.00.16:626][565]LogModuleManager: Shutting down and abandoning module ShaderCore (13)
[2016.07.18-18.00.16:626][565]LogModuleManager: Shutting down and abandoning module Landscape (12)
[2016.07.18-18.00.16:626][565]LogModuleManager: Shutting down and abandoning module SlateRHIRenderer (11)
[2016.07.18-18.00.16:662][565]LogModuleManager: Shutting down and abandoning module OpenGLDrv (10)
[2016.07.18-18.00.16:676][565]LogModuleManager: Shutting down and abandoning module D3D11RHI (9)
[2016.07.18-18.00.16:676][565]LogModuleManager: Shutting down and abandoning module AnimGraphRuntime (8)
[2016.07.18-18.00.16:676][565]LogModuleManager: Shutting down and abandoning module Renderer (7)
[2016.07.18-18.00.16:676][565]LogModuleManager: Shutting down and abandoning module Engine (6)
[2016.07.18-18.00.16:676][565]LogModuleManager: Shutting down and abandoning module CoreUObject (5)
[2016.07.18-18.00.16:676][565]LogModuleManager: Shutting down and abandoning module NetworkFile (4)
[2016.07.18-18.00.16:692][565]LogModuleManager: Shutting down and abandoning module StreamingFile (3)
[2016.07.18-18.00.16:704][565]LogModuleManager: Shutting down and abandoning module SandboxFile (2)
[2016.07.18-18.00.16:709][565]LogModuleManager: Shutting down and abandoning module PakFile (1)
[2016.07.18-18.00.16:730][565]LogExit: Exiting.
[2016.07.18-18.00.16:766][565]Log file closed, 07/18/16 14:00:16
